Performing C SOURCE FILE Test HAVE_GCC_PREFERRED_STACK_BOUNDARY failed with the following output:
Change Dir: /Users/jamesfolk/Documents/NJLI/TESTBED/test_project_repo/_build_appletv/CMakeFiles/CMakeTmp

Run Build Command:"/Applications/Xcode.app/Contents/Developer/usr/bin/xcodebuild" "-project" "CMAKE_TRY_COMPILE.xcodeproj" "build" "-target" "cmTC_e37cc" "-configuration" "Debug"
=== BUILD TARGET cmTC_e37cc OF PROJECT CMAKE_TRY_COMPILE WITH CONFIGURATION Debug ===

Check dependencies

Write auxiliary files
/bin/mkdir -p /Users/jamesfolk/Documents/NJLI/TESTBED/test_project_repo/_build_appletv/CMakeFiles/CMakeTmp/CMAKE_TRY_COMPILE.build/Debug/cmTC_e37cc.build/Objects-normal/x86_64
write-file /Users/jamesfolk/Documents/NJLI/TESTBED/test_project_repo/_build_appletv/CMakeFiles/CMakeTmp/CMAKE_TRY_COMPILE.build/Debug/cmTC_e37cc.build/Objects-normal/x86_64/cmTC_e37cc.LinkFileList

CompileC CMAKE_TRY_COMPILE.build/Debug/cmTC_e37cc.build/Objects-normal/x86_64/src.o src.c normal x86_64 c com.apple.compilers.llvm.clang.1_0.compiler
    cd /Users/jamesfolk/Documents/NJLI/TESTBED/test_project_repo/_build_appletv/CMakeFiles/CMakeTmp
    export LANG=en_US.US-ASCII
    /Applications/Xcode.app/Contents/Developer/Toolchains/XcodeDefault.xctoolchain/usr/bin/clang -x c -arch x86_64 -fmessage-length=0 -fdiagnostics-show-note-include-stack -fmacro-backtrace-limit=0 -Wno-trigraphs -fpascal-strings -O0 -Wno-missing-field-initializers -Wno-missing-prototypes -Wno-return-type -Wno-missing-braces -Wparentheses -Wswitch -Wno-unused-function -Wno-unused-label -Wno-unused-parameter -Wno-unused-variable -Wunused-value -Wno-empty-body -Wno-uninitialized -Wno-unknown-pragmas -Wno-shadow -Wno-four-char-constants -Wno-conversion -Wno-constant-conversion -Wno-int-conversion -Wno-bool-conversion -Wno-enum-conversion -Wno-float-conversion -Wno-non-literal-null-conversion -Wno-objc-literal-conversion -Wno-shorten-64-to-32 -Wpointer-sign -Wno-newline-eof -DCMAKE_INTDIR=\"Debug\" -isysroot /Applications/Xcode.app/Contents/Developer/Platforms/MacOSX.platform/Developer/SDKs/MacOSX10.13.sdk -fasm-blocks -fstrict-aliasing -Wdeprecated-declarations -mmacosx-version-min=10.13 -g -Wno-sign-conversion -Wno-infinite-recursion -Wno-comma -Wno-block-capture-autoreleasing -Wno-strict-prototypes -I/Users/jamesfolk/Documents/NJLI/TESTBED/test_project_repo/_build_appletv/CMakeFiles/CMakeTmp/Debug/include -I/Users/jamesfolk/Documents/NJLI/TESTBED/test_project_repo/_build_appletv/CMakeFiles/CMakeTmp/CMAKE_TRY_COMPILE.build/Debug/cmTC_e37cc.build/DerivedSources/x86_64 -I/Users/jamesfolk/Documents/NJLI/TESTBED/test_project_repo/_build_appletv/CMakeFiles/CMakeTmp/CMAKE_TRY_COMPILE.build/Debug/cmTC_e37cc.build/DerivedSources -Wmost -Wno-four-char-constants -Wno-unknown-pragmas -F/Users/jamesfolk/Documents/NJLI/TESTBED/test_project_repo/_build_appletv/CMakeFiles/CMakeTmp/Debug -DHAVE_GCC_PREFERRED_STACK_BOUNDARY -mpreferred-stack-boundary=2 -MMD -MT dependencies -MF /Users/jamesfolk/Documents/NJLI/TESTBED/test_project_repo/_build_appletv/CMakeFiles/CMakeTmp/CMAKE_TRY_COMPILE.build/Debug/cmTC_e37cc.build/Objects-normal/x86_64/src.d --serialize-diagnostics /Users/jamesfolk/Documents/NJLI/TESTBED/test_project_repo/_build_appletv/CMakeFiles/CMakeTmp/CMAKE_TRY_COMPILE.build/Debug/cmTC_e37cc.build/Objects-normal/x86_64/src.dia -c /Users/jamesfolk/Documents/NJLI/TESTBED/test_project_repo/_build_appletv/CMakeFiles/CMakeTmp/src.c -o /Users/jamesfolk/Documents/NJLI/TESTBED/test_project_repo/_build_appletv/CMakeFiles/CMakeTmp/CMAKE_TRY_COMPILE.build/Debug/cmTC_e37cc.build/Objects-normal/x86_64/src.o
clang: error: unknown argument: '-mpreferred-stack-boundary=2'

** BUILD FAILED **


The following build commands failed:
	CompileC CMAKE_TRY_COMPILE.build/Debug/cmTC_e37cc.build/Objects-normal/x86_64/src.o src.c normal x86_64 c com.apple.compilers.llvm.clang.1_0.compiler
(1 failure)

Source file was:
int x = 0; int main(int argc, char **argv) {}
Performing C SOURCE FILE Test HAVE_ALTIVEC_H_HDR failed with the following output:
Change Dir: /Users/jamesfolk/Documents/NJLI/TESTBED/test_project_repo/_build_appletv/CMakeFiles/CMakeTmp

Run Build Command:"/Applications/Xcode.app/Contents/Developer/usr/bin/xcodebuild" "-project" "CMAKE_TRY_COMPILE.xcodeproj" "build" "-target" "cmTC_b580b" "-configuration" "Debug"
=== BUILD TARGET cmTC_b580b OF PROJECT CMAKE_TRY_COMPILE WITH CONFIGURATION Debug ===

Check dependencies

Write auxiliary files
/bin/mkdir -p /Users/jamesfolk/Documents/NJLI/TESTBED/test_project_repo/_build_appletv/CMakeFiles/CMakeTmp/CMAKE_TRY_COMPILE.build/Debug/cmTC_b580b.build/Objects-normal/x86_64
write-file /Users/jamesfolk/Documents/NJLI/TESTBED/test_project_repo/_build_appletv/CMakeFiles/CMakeTmp/CMAKE_TRY_COMPILE.build/Debug/cmTC_b580b.build/Objects-normal/x86_64/cmTC_b580b.LinkFileList

CompileC CMAKE_TRY_COMPILE.build/Debug/cmTC_b580b.build/Objects-normal/x86_64/src.o src.c normal x86_64 c com.apple.compilers.llvm.clang.1_0.compiler
    cd /Users/jamesfolk/Documents/NJLI/TESTBED/test_project_repo/_build_appletv/CMakeFiles/CMakeTmp
    export LANG=en_US.US-ASCII
    /Applications/Xcode.app/Contents/Developer/Toolchains/XcodeDefault.xctoolchain/usr/bin/clang -x c -arch x86_64 -fmessage-length=0 -fdiagnostics-show-note-include-stack -fmacro-backtrace-limit=0 -Wno-trigraphs -fpascal-strings -O0 -Wno-missing-field-initializers -Wno-missing-prototypes -Wno-return-type -Wno-missing-braces -Wparentheses -Wswitch -Wno-unused-function -Wno-unused-label -Wno-unused-parameter -Wno-unused-variable -Wunused-value -Wno-empty-body -Wno-uninitialized -Wno-unknown-pragmas -Wno-shadow -Wno-four-char-constants -Wno-conversion -Wno-constant-conversion -Wno-int-conversion -Wno-bool-conversion -Wno-enum-conversion -Wno-float-conversion -Wno-non-literal-null-conversion -Wno-objc-literal-conversion -Wno-shorten-64-to-32 -Wpointer-sign -Wno-newline-eof -DCMAKE_INTDIR=\"Debug\" -isysroot /Applications/Xcode.app/Contents/Developer/Platforms/MacOSX.platform/Developer/SDKs/MacOSX10.13.sdk -fasm-blocks -fstrict-aliasing -Wdeprecated-declarations -mmacosx-version-min=10.13 -g -Wno-sign-conversion -Wno-infinite-recursion -Wno-comma -Wno-block-capture-autoreleasing -Wno-strict-prototypes -I/Users/jamesfolk/Documents/NJLI/TESTBED/test_project_repo/_build_appletv/CMakeFiles/CMakeTmp/Debug/include -I/Users/jamesfolk/Documents/NJLI/TESTBED/test_project_repo/_build_appletv/CMakeFiles/CMakeTmp/CMAKE_TRY_COMPILE.build/Debug/cmTC_b580b.build/DerivedSources/x86_64 -I/Users/jamesfolk/Documents/NJLI/TESTBED/test_project_repo/_build_appletv/CMakeFiles/CMakeTmp/CMAKE_TRY_COMPILE.build/Debug/cmTC_b580b.build/DerivedSources -Wmost -Wno-four-char-constants -Wno-unknown-pragmas -F/Users/jamesfolk/Documents/NJLI/TESTBED/test_project_repo/_build_appletv/CMakeFiles/CMakeTmp/Debug -DHAVE_ALTIVEC_H_HDR -maltivec -MMD -MT dependencies -MF /Users/jamesfolk/Documents/NJLI/TESTBED/test_project_repo/_build_appletv/CMakeFiles/CMakeTmp/CMAKE_TRY_COMPILE.build/Debug/cmTC_b580b.build/Objects-normal/x86_64/src.d --serialize-diagnostics /Users/jamesfolk/Documents/NJLI/TESTBED/test_project_repo/_build_appletv/CMakeFiles/CMakeTmp/CMAKE_TRY_COMPILE.build/Debug/cmTC_b580b.build/Objects-normal/x86_64/src.dia -c /Users/jamesfolk/Documents/NJLI/TESTBED/test_project_repo/_build_appletv/CMakeFiles/CMakeTmp/src.c -o /Users/jamesfolk/Documents/NJLI/TESTBED/test_project_repo/_build_appletv/CMakeFiles/CMakeTmp/CMAKE_TRY_COMPILE.build/Debug/cmTC_b580b.build/Objects-normal/x86_64/src.o
clang: error: invalid argument '-faltivec' only allowed with 'ppc/ppc64/ppc64le'

** BUILD FAILED **


The following build commands failed:
	CompileC CMAKE_TRY_COMPILE.build/Debug/cmTC_b580b.build/Objects-normal/x86_64/src.o src.c normal x86_64 c com.apple.compilers.llvm.clang.1_0.compiler
(1 failure)

Source file was:

          #include <altivec.h>
          vector unsigned int vzero() {
              return vec_splat_u32(0);
          }
          int main(int argc, char **argv) { }
Performing C SOURCE FILE Test HAVE_ALTIVEC failed with the following output:
Change Dir: /Users/jamesfolk/Documents/NJLI/TESTBED/test_project_repo/_build_appletv/CMakeFiles/CMakeTmp

Run Build Command:"/Applications/Xcode.app/Contents/Developer/usr/bin/xcodebuild" "-project" "CMAKE_TRY_COMPILE.xcodeproj" "build" "-target" "cmTC_a24ba" "-configuration" "Debug"
=== BUILD TARGET cmTC_a24ba OF PROJECT CMAKE_TRY_COMPILE WITH CONFIGURATION Debug ===

Check dependencies

Write auxiliary files
/bin/mkdir -p /Users/jamesfolk/Documents/NJLI/TESTBED/test_project_repo/_build_appletv/CMakeFiles/CMakeTmp/CMAKE_TRY_COMPILE.build/Debug/cmTC_a24ba.build/Objects-normal/x86_64
write-file /Users/jamesfolk/Documents/NJLI/TESTBED/test_project_repo/_build_appletv/CMakeFiles/CMakeTmp/CMAKE_TRY_COMPILE.build/Debug/cmTC_a24ba.build/Objects-normal/x86_64/cmTC_a24ba.LinkFileList

CompileC CMAKE_TRY_COMPILE.build/Debug/cmTC_a24ba.build/Objects-normal/x86_64/src.o src.c normal x86_64 c com.apple.compilers.llvm.clang.1_0.compiler
    cd /Users/jamesfolk/Documents/NJLI/TESTBED/test_project_repo/_build_appletv/CMakeFiles/CMakeTmp
    export LANG=en_US.US-ASCII
    /Applications/Xcode.app/Contents/Developer/Toolchains/XcodeDefault.xctoolchain/usr/bin/clang -x c -arch x86_64 -fmessage-length=0 -fdiagnostics-show-note-include-stack -fmacro-backtrace-limit=0 -Wno-trigraphs -fpascal-strings -O0 -Wno-missing-field-initializers -Wno-missing-prototypes -Wno-return-type -Wno-missing-braces -Wparentheses -Wswitch -Wno-unused-function -Wno-unused-label -Wno-unused-parameter -Wno-unused-variable -Wunused-value -Wno-empty-body -Wno-uninitialized -Wno-unknown-pragmas -Wno-shadow -Wno-four-char-constants -Wno-conversion -Wno-constant-conversion -Wno-int-conversion -Wno-bool-conversion -Wno-enum-conversion -Wno-float-conversion -Wno-non-literal-null-conversion -Wno-objc-literal-conversion -Wno-shorten-64-to-32 -Wpointer-sign -Wno-newline-eof -DCMAKE_INTDIR=\"Debug\" -isysroot /Applications/Xcode.app/Contents/Developer/Platforms/MacOSX.platform/Developer/SDKs/MacOSX10.13.sdk -fasm-blocks -fstrict-aliasing -Wdeprecated-declarations -mmacosx-version-min=10.13 -g -Wno-sign-conversion -Wno-infinite-recursion -Wno-comma -Wno-block-capture-autoreleasing -Wno-strict-prototypes -I/Users/jamesfolk/Documents/NJLI/TESTBED/test_project_repo/_build_appletv/CMakeFiles/CMakeTmp/Debug/include -I/Users/jamesfolk/Documents/NJLI/TESTBED/test_project_repo/_build_appletv/CMakeFiles/CMakeTmp/CMAKE_TRY_COMPILE.build/Debug/cmTC_a24ba.build/DerivedSources/x86_64 -I/Users/jamesfolk/Documents/NJLI/TESTBED/test_project_repo/_build_appletv/CMakeFiles/CMakeTmp/CMAKE_TRY_COMPILE.build/Debug/cmTC_a24ba.build/DerivedSources -Wmost -Wno-four-char-constants -Wno-unknown-pragmas -F/Users/jamesfolk/Documents/NJLI/TESTBED/test_project_repo/_build_appletv/CMakeFiles/CMakeTmp/Debug -DHAVE_ALTIVEC -maltivec -MMD -MT dependencies -MF /Users/jamesfolk/Documents/NJLI/TESTBED/test_project_repo/_build_appletv/CMakeFiles/CMakeTmp/CMAKE_TRY_COMPILE.build/Debug/cmTC_a24ba.build/Objects-normal/x86_64/src.d --serialize-diagnostics /Users/jamesfolk/Documents/NJLI/TESTBED/test_project_repo/_build_appletv/CMakeFiles/CMakeTmp/CMAKE_TRY_COMPILE.build/Debug/cmTC_a24ba.build/Objects-normal/x86_64/src.dia -c /Users/jamesfolk/Documents/NJLI/TESTBED/test_project_repo/_build_appletv/CMakeFiles/CMakeTmp/src.c -o /Users/jamesfolk/Documents/NJLI/TESTBED/test_project_repo/_build_appletv/CMakeFiles/CMakeTmp/CMAKE_TRY_COMPILE.build/Debug/cmTC_a24ba.build/Objects-normal/x86_64/src.o
clang: error: invalid argument '-faltivec' only allowed with 'ppc/ppc64/ppc64le'

** BUILD FAILED **


The following build commands failed:
	CompileC CMAKE_TRY_COMPILE.build/Debug/cmTC_a24ba.build/Objects-normal/x86_64/src.o src.c normal x86_64 c com.apple.compilers.llvm.clang.1_0.compiler
(1 failure)

Source file was:

          vector unsigned int vzero() {
              return vec_splat_u32(0);
          }
          int main(int argc, char **argv) { }
Determining if the include file malloc.h exists failed with the following output:
Change Dir: /Users/jamesfolk/Documents/NJLI/TESTBED/test_project_repo/_build_appletv/CMakeFiles/CMakeTmp

Run Build Command:"/Applications/Xcode.app/Contents/Developer/usr/bin/xcodebuild" "-project" "CMAKE_TRY_COMPILE.xcodeproj" "build" "-target" "cmTC_e74fb" "-configuration" "Debug"
=== BUILD TARGET cmTC_e74fb OF PROJECT CMAKE_TRY_COMPILE WITH CONFIGURATION Debug ===

Check dependencies

Write auxiliary files
/bin/mkdir -p /Users/jamesfolk/Documents/NJLI/TESTBED/test_project_repo/_build_appletv/CMakeFiles/CMakeTmp/CMAKE_TRY_COMPILE.build/Debug/cmTC_e74fb.build/Objects-normal/x86_64
write-file /Users/jamesfolk/Documents/NJLI/TESTBED/test_project_repo/_build_appletv/CMakeFiles/CMakeTmp/CMAKE_TRY_COMPILE.build/Debug/cmTC_e74fb.build/Objects-normal/x86_64/cmTC_e74fb.LinkFileList

CompileC CMAKE_TRY_COMPILE.build/Debug/cmTC_e74fb.build/Objects-normal/x86_64/CheckIncludeFile.o CheckIncludeFile.c normal x86_64 c com.apple.compilers.llvm.clang.1_0.compiler
    cd /Users/jamesfolk/Documents/NJLI/TESTBED/test_project_repo/_build_appletv/CMakeFiles/CMakeTmp
    export LANG=en_US.US-ASCII
    /Applications/Xcode.app/Contents/Developer/Toolchains/XcodeDefault.xctoolchain/usr/bin/clang -x c -arch x86_64 -fmessage-length=0 -fdiagnostics-show-note-include-stack -fmacro-backtrace-limit=0 -Wno-trigraphs -fpascal-strings -O0 -Wno-missing-field-initializers -Wno-missing-prototypes -Wno-return-type -Wno-missing-braces -Wparentheses -Wswitch -Wno-unused-function -Wno-unused-label -Wno-unused-parameter -Wno-unused-variable -Wunused-value -Wno-empty-body -Wno-uninitialized -Wno-unknown-pragmas -Wno-shadow -Wno-four-char-constants -Wno-conversion -Wno-constant-conversion -Wno-int-conversion -Wno-bool-conversion -Wno-enum-conversion -Wno-float-conversion -Wno-non-literal-null-conversion -Wno-objc-literal-conversion -Wno-shorten-64-to-32 -Wpointer-sign -Wno-newline-eof -DCMAKE_INTDIR=\"Debug\" -isysroot /Applications/Xcode.app/Contents/Developer/Platforms/MacOSX.platform/Developer/SDKs/MacOSX10.13.sdk -fasm-blocks -fstrict-aliasing -Wdeprecated-declarations -mmacosx-version-min=10.13 -g -Wno-sign-conversion -Wno-infinite-recursion -Wno-comma -Wno-block-capture-autoreleasing -Wno-strict-prototypes -I/Users/jamesfolk/Documents/NJLI/TESTBED/test_project_repo/_build_appletv/CMakeFiles/CMakeTmp/Debug/include -I/Users/jamesfolk/Documents/NJLI/TESTBED/test_project_repo/_build_appletv/CMakeFiles/CMakeTmp/CMAKE_TRY_COMPILE.build/Debug/cmTC_e74fb.build/DerivedSources/x86_64 -I/Users/jamesfolk/Documents/NJLI/TESTBED/test_project_repo/_build_appletv/CMakeFiles/CMakeTmp/CMAKE_TRY_COMPILE.build/Debug/cmTC_e74fb.build/DerivedSources -Wmost -Wno-four-char-constants -Wno-unknown-pragmas -F/Users/jamesfolk/Documents/NJLI/TESTBED/test_project_repo/_build_appletv/CMakeFiles/CMakeTmp/Debug -MMD -MT dependencies -MF /Users/jamesfolk/Documents/NJLI/TESTBED/test_project_repo/_build_appletv/CMakeFiles/CMakeTmp/CMAKE_TRY_COMPILE.build/Debug/cmTC_e74fb.build/Objects-normal/x86_64/CheckIncludeFile.d --serialize-diagnostics /Users/jamesfolk/Documents/NJLI/TESTBED/test_project_repo/_build_appletv/CMakeFiles/CMakeTmp/CMAKE_TRY_COMPILE.build/Debug/cmTC_e74fb.build/Objects-normal/x86_64/CheckIncludeFile.dia -c /Users/jamesfolk/Documents/NJLI/TESTBED/test_project_repo/_build_appletv/CMakeFiles/CMakeTmp/CheckIncludeFile.c -o /Users/jamesfolk/Documents/NJLI/TESTBED/test_project_repo/_build_appletv/CMakeFiles/CMakeTmp/CMAKE_TRY_COMPILE.build/Debug/cmTC_e74fb.build/Objects-normal/x86_64/CheckIncludeFile.o
/Users/jamesfolk/Documents/NJLI/TESTBED/test_project_repo/_build_appletv/CMakeFiles/CMakeTmp/CheckIncludeFile.c:1:10: fatal error: 'malloc.h' file not found
#include <malloc.h>
         ^~~~~~~~~~
1 error generated.

** BUILD FAILED **


The following build commands failed:
	CompileC CMAKE_TRY_COMPILE.build/Debug/cmTC_e74fb.build/Objects-normal/x86_64/CheckIncludeFile.o CheckIncludeFile.c normal x86_64 c com.apple.compilers.llvm.clang.1_0.compiler
(1 failure)


Determining if the function _strrev exists failed with the following output:
Change Dir: /Users/jamesfolk/Documents/NJLI/TESTBED/test_project_repo/_build_appletv/CMakeFiles/CMakeTmp

Run Build Command:"/Applications/Xcode.app/Contents/Developer/usr/bin/xcodebuild" "-project" "CMAKE_TRY_COMPILE.xcodeproj" "build" "-target" "cmTC_47731" "-configuration" "Debug"
=== BUILD TARGET cmTC_47731 OF PROJECT CMAKE_TRY_COMPILE WITH CONFIGURATION Debug ===

Check dependencies

Write auxiliary files
/bin/mkdir -p /Users/jamesfolk/Documents/NJLI/TESTBED/test_project_repo/_build_appletv/CMakeFiles/CMakeTmp/CMAKE_TRY_COMPILE.build/Debug/cmTC_47731.build/Objects-normal/x86_64
write-file /Users/jamesfolk/Documents/NJLI/TESTBED/test_project_repo/_build_appletv/CMakeFiles/CMakeTmp/CMAKE_TRY_COMPILE.build/Debug/cmTC_47731.build/Objects-normal/x86_64/cmTC_47731.LinkFileList

CompileC CMAKE_TRY_COMPILE.build/Debug/cmTC_47731.build/Objects-normal/x86_64/CheckFunctionExists.o /usr/local/Cellar/cmake/3.9.4_1/share/cmake/Modules/CheckFunctionExists.c normal x86_64 c com.apple.compilers.llvm.clang.1_0.compiler
    cd /Users/jamesfolk/Documents/NJLI/TESTBED/test_project_repo/_build_appletv/CMakeFiles/CMakeTmp
    export LANG=en_US.US-ASCII
    /Applications/Xcode.app/Contents/Developer/Toolchains/XcodeDefault.xctoolchain/usr/bin/clang -x c -arch x86_64 -fmessage-length=0 -fdiagnostics-show-note-include-stack -fmacro-backtrace-limit=0 -Wno-trigraphs -fpascal-strings -O0 -Wno-missing-field-initializers -Wno-missing-prototypes -Wno-return-type -Wno-missing-braces -Wparentheses -Wswitch -Wno-unused-function -Wno-unused-label -Wno-unused-parameter -Wno-unused-variable -Wunused-value -Wno-empty-body -Wno-uninitialized -Wno-unknown-pragmas -Wno-shadow -Wno-four-char-constants -Wno-conversion -Wno-constant-conversion -Wno-int-conversion -Wno-bool-conversion -Wno-enum-conversion -Wno-float-conversion -Wno-non-literal-null-conversion -Wno-objc-literal-conversion -Wno-shorten-64-to-32 -Wpointer-sign -Wno-newline-eof -DCMAKE_INTDIR=\"Debug\" -isysroot /Applications/Xcode.app/Contents/Developer/Platforms/MacOSX.platform/Developer/SDKs/MacOSX10.13.sdk -fasm-blocks -fstrict-aliasing -Wdeprecated-declarations -mmacosx-version-min=10.13 -g -Wno-sign-conversion -Wno-infinite-recursion -Wno-comma -Wno-block-capture-autoreleasing -Wno-strict-prototypes -I/Users/jamesfolk/Documents/NJLI/TESTBED/test_project_repo/_build_appletv/CMakeFiles/CMakeTmp/Debug/include -I/Users/jamesfolk/Documents/NJLI/TESTBED/test_project_repo/_build_appletv/CMakeFiles/CMakeTmp/CMAKE_TRY_COMPILE.build/Debug/cmTC_47731.build/DerivedSources/x86_64 -I/Users/jamesfolk/Documents/NJLI/TESTBED/test_project_repo/_build_appletv/CMakeFiles/CMakeTmp/CMAKE_TRY_COMPILE.build/Debug/cmTC_47731.build/DerivedSources -Wmost -Wno-four-char-constants -Wno-unknown-pragmas -F/Users/jamesfolk/Documents/NJLI/TESTBED/test_project_repo/_build_appletv/CMakeFiles/CMakeTmp/Debug -DCHECK_FUNCTION_EXISTS=_strrev -MMD -MT dependencies -MF /Users/jamesfolk/Documents/NJLI/TESTBED/test_project_repo/_build_appletv/CMakeFiles/CMakeTmp/CMAKE_TRY_COMPILE.build/Debug/cmTC_47731.build/Objects-normal/x86_64/CheckFunctionExists.d --serialize-diagnostics /Users/jamesfolk/Documents/NJLI/TESTBED/test_project_repo/_build_appletv/CMakeFiles/CMakeTmp/CMAKE_TRY_COMPILE.build/Debug/cmTC_47731.build/Objects-normal/x86_64/CheckFunctionExists.dia -c /usr/local/Cellar/cmake/3.9.4_1/share/cmake/Modules/CheckFunctionExists.c -o /Users/jamesfolk/Documents/NJLI/TESTBED/test_project_repo/_build_appletv/CMakeFiles/CMakeTmp/CMAKE_TRY_COMPILE.build/Debug/cmTC_47731.build/Objects-normal/x86_64/CheckFunctionExists.o

Ld Debug/cmTC_47731 normal x86_64
    cd /Users/jamesfolk/Documents/NJLI/TESTBED/test_project_repo/_build_appletv/CMakeFiles/CMakeTmp
    export MACOSX_DEPLOYMENT_TARGET=10.13
    /Applications/Xcode.app/Contents/Developer/Toolchains/XcodeDefault.xctoolchain/usr/bin/clang -arch x86_64 -isysroot /Applications/Xcode.app/Contents/Developer/Platforms/MacOSX.platform/Developer/SDKs/MacOSX10.13.sdk -L/Users/jamesfolk/Documents/NJLI/TESTBED/test_project_repo/_build_appletv/CMakeFiles/CMakeTmp/Debug -F/Users/jamesfolk/Documents/NJLI/TESTBED/test_project_repo/_build_appletv/CMakeFiles/CMakeTmp/Debug -filelist /Users/jamesfolk/Documents/NJLI/TESTBED/test_project_repo/_build_appletv/CMakeFiles/CMakeTmp/CMAKE_TRY_COMPILE.build/Debug/cmTC_47731.build/Objects-normal/x86_64/cmTC_47731.LinkFileList -mmacosx-version-min=10.13 -Xlinker -object_path_lto -Xlinker /Users/jamesfolk/Documents/NJLI/TESTBED/test_project_repo/_build_appletv/CMakeFiles/CMakeTmp/CMAKE_TRY_COMPILE.build/Debug/cmTC_47731.build/Objects-normal/x86_64/cmTC_47731_lto.o -Xlinker -no_deduplicate -Wl,-search_paths_first -Wl,-headerpad_max_install_names -Xlinker -dependency_info -Xlinker /Users/jamesfolk/Documents/NJLI/TESTBED/test_project_repo/_build_appletv/CMakeFiles/CMakeTmp/CMAKE_TRY_COMPILE.build/Debug/cmTC_47731.build/Objects-normal/x86_64/cmTC_47731_dependency_info.dat -o /Users/jamesfolk/Documents/NJLI/TESTBED/test_project_repo/_build_appletv/CMakeFiles/CMakeTmp/Debug/cmTC_47731
Undefined symbols for architecture x86_64:
  "__strrev", referenced from:
      _main in CheckFunctionExists.o
ld: symbol(s) not found for architecture x86_64
clang: error: linker command failed with exit code 1 (use -v to see invocation)

** BUILD FAILED **


The following build commands failed:
	Ld Debug/cmTC_47731 normal x86_64
(1 failure)


Determining if the function _strupr exists failed with the following output:
Change Dir: /Users/jamesfolk/Documents/NJLI/TESTBED/test_project_repo/_build_appletv/CMakeFiles/CMakeTmp

Run Build Command:"/Applications/Xcode.app/Contents/Developer/usr/bin/xcodebuild" "-project" "CMAKE_TRY_COMPILE.xcodeproj" "build" "-target" "cmTC_1e3ae" "-configuration" "Debug"
=== BUILD TARGET cmTC_1e3ae OF PROJECT CMAKE_TRY_COMPILE WITH CONFIGURATION Debug ===

Check dependencies

Write auxiliary files
/bin/mkdir -p /Users/jamesfolk/Documents/NJLI/TESTBED/test_project_repo/_build_appletv/CMakeFiles/CMakeTmp/CMAKE_TRY_COMPILE.build/Debug/cmTC_1e3ae.build/Objects-normal/x86_64
write-file /Users/jamesfolk/Documents/NJLI/TESTBED/test_project_repo/_build_appletv/CMakeFiles/CMakeTmp/CMAKE_TRY_COMPILE.build/Debug/cmTC_1e3ae.build/Objects-normal/x86_64/cmTC_1e3ae.LinkFileList

CompileC CMAKE_TRY_COMPILE.build/Debug/cmTC_1e3ae.build/Objects-normal/x86_64/CheckFunctionExists.o /usr/local/Cellar/cmake/3.9.4_1/share/cmake/Modules/CheckFunctionExists.c normal x86_64 c com.apple.compilers.llvm.clang.1_0.compiler
    cd /Users/jamesfolk/Documents/NJLI/TESTBED/test_project_repo/_build_appletv/CMakeFiles/CMakeTmp
    export LANG=en_US.US-ASCII
    /Applications/Xcode.app/Contents/Developer/Toolchains/XcodeDefault.xctoolchain/usr/bin/clang -x c -arch x86_64 -fmessage-length=0 -fdiagnostics-show-note-include-stack -fmacro-backtrace-limit=0 -Wno-trigraphs -fpascal-strings -O0 -Wno-missing-field-initializers -Wno-missing-prototypes -Wno-return-type -Wno-missing-braces -Wparentheses -Wswitch -Wno-unused-function -Wno-unused-label -Wno-unused-parameter -Wno-unused-variable -Wunused-value -Wno-empty-body -Wno-uninitialized -Wno-unknown-pragmas -Wno-shadow -Wno-four-char-constants -Wno-conversion -Wno-constant-conversion -Wno-int-conversion -Wno-bool-conversion -Wno-enum-conversion -Wno-float-conversion -Wno-non-literal-null-conversion -Wno-objc-literal-conversion -Wno-shorten-64-to-32 -Wpointer-sign -Wno-newline-eof -DCMAKE_INTDIR=\"Debug\" -isysroot /Applications/Xcode.app/Contents/Developer/Platforms/MacOSX.platform/Developer/SDKs/MacOSX10.13.sdk -fasm-blocks -fstrict-aliasing -Wdeprecated-declarations -mmacosx-version-min=10.13 -g -Wno-sign-conversion -Wno-infinite-recursion -Wno-comma -Wno-block-capture-autoreleasing -Wno-strict-prototypes -I/Users/jamesfolk/Documents/NJLI/TESTBED/test_project_repo/_build_appletv/CMakeFiles/CMakeTmp/Debug/include -I/Users/jamesfolk/Documents/NJLI/TESTBED/test_project_repo/_build_appletv/CMakeFiles/CMakeTmp/CMAKE_TRY_COMPILE.build/Debug/cmTC_1e3ae.build/DerivedSources/x86_64 -I/Users/jamesfolk/Documents/NJLI/TESTBED/test_project_repo/_build_appletv/CMakeFiles/CMakeTmp/CMAKE_TRY_COMPILE.build/Debug/cmTC_1e3ae.build/DerivedSources -Wmost -Wno-four-char-constants -Wno-unknown-pragmas -F/Users/jamesfolk/Documents/NJLI/TESTBED/test_project_repo/_build_appletv/CMakeFiles/CMakeTmp/Debug -DCHECK_FUNCTION_EXISTS=_strupr -MMD -MT dependencies -MF /Users/jamesfolk/Documents/NJLI/TESTBED/test_project_repo/_build_appletv/CMakeFiles/CMakeTmp/CMAKE_TRY_COMPILE.build/Debug/cmTC_1e3ae.build/Objects-normal/x86_64/CheckFunctionExists.d --serialize-diagnostics /Users/jamesfolk/Documents/NJLI/TESTBED/test_project_repo/_build_appletv/CMakeFiles/CMakeTmp/CMAKE_TRY_COMPILE.build/Debug/cmTC_1e3ae.build/Objects-normal/x86_64/CheckFunctionExists.dia -c /usr/local/Cellar/cmake/3.9.4_1/share/cmake/Modules/CheckFunctionExists.c -o /Users/jamesfolk/Documents/NJLI/TESTBED/test_project_repo/_build_appletv/CMakeFiles/CMakeTmp/CMAKE_TRY_COMPILE.build/Debug/cmTC_1e3ae.build/Objects-normal/x86_64/CheckFunctionExists.o

Ld Debug/cmTC_1e3ae normal x86_64
    cd /Users/jamesfolk/Documents/NJLI/TESTBED/test_project_repo/_build_appletv/CMakeFiles/CMakeTmp
    export MACOSX_DEPLOYMENT_TARGET=10.13
    /Applications/Xcode.app/Contents/Developer/Toolchains/XcodeDefault.xctoolchain/usr/bin/clang -arch x86_64 -isysroot /Applications/Xcode.app/Contents/Developer/Platforms/MacOSX.platform/Developer/SDKs/MacOSX10.13.sdk -L/Users/jamesfolk/Documents/NJLI/TESTBED/test_project_repo/_build_appletv/CMakeFiles/CMakeTmp/Debug -F/Users/jamesfolk/Documents/NJLI/TESTBED/test_project_repo/_build_appletv/CMakeFiles/CMakeTmp/Debug -filelist /Users/jamesfolk/Documents/NJLI/TESTBED/test_project_repo/_build_appletv/CMakeFiles/CMakeTmp/CMAKE_TRY_COMPILE.build/Debug/cmTC_1e3ae.build/Objects-normal/x86_64/cmTC_1e3ae.LinkFileList -mmacosx-version-min=10.13 -Xlinker -object_path_lto -Xlinker /Users/jamesfolk/Documents/NJLI/TESTBED/test_project_repo/_build_appletv/CMakeFiles/CMakeTmp/CMAKE_TRY_COMPILE.build/Debug/cmTC_1e3ae.build/Objects-normal/x86_64/cmTC_1e3ae_lto.o -Xlinker -no_deduplicate -Wl,-search_paths_first -Wl,-headerpad_max_install_names -Xlinker -dependency_info -Xlinker /Users/jamesfolk/Documents/NJLI/TESTBED/test_project_repo/_build_appletv/CMakeFiles/CMakeTmp/CMAKE_TRY_COMPILE.build/Debug/cmTC_1e3ae.build/Objects-normal/x86_64/cmTC_1e3ae_dependency_info.dat -o /Users/jamesfolk/Documents/NJLI/TESTBED/test_project_repo/_build_appletv/CMakeFiles/CMakeTmp/Debug/cmTC_1e3ae
Undefined symbols for architecture x86_64:
  "__strupr", referenced from:
      _main in CheckFunctionExists.o
ld: symbol(s) not found for architecture x86_64
clang: error: linker command failed with exit code 1 (use -v to see invocation)

** BUILD FAILED **


The following build commands failed:
	Ld Debug/cmTC_1e3ae normal x86_64
(1 failure)


Determining if the function _strlwr exists failed with the following output:
Change Dir: /Users/jamesfolk/Documents/NJLI/TESTBED/test_project_repo/_build_appletv/CMakeFiles/CMakeTmp

Run Build Command:"/Applications/Xcode.app/Contents/Developer/usr/bin/xcodebuild" "-project" "CMAKE_TRY_COMPILE.xcodeproj" "build" "-target" "cmTC_e760f" "-configuration" "Debug"
=== BUILD TARGET cmTC_e760f OF PROJECT CMAKE_TRY_COMPILE WITH CONFIGURATION Debug ===

Check dependencies

Write auxiliary files
/bin/mkdir -p /Users/jamesfolk/Documents/NJLI/TESTBED/test_project_repo/_build_appletv/CMakeFiles/CMakeTmp/CMAKE_TRY_COMPILE.build/Debug/cmTC_e760f.build/Objects-normal/x86_64
write-file /Users/jamesfolk/Documents/NJLI/TESTBED/test_project_repo/_build_appletv/CMakeFiles/CMakeTmp/CMAKE_TRY_COMPILE.build/Debug/cmTC_e760f.build/Objects-normal/x86_64/cmTC_e760f.LinkFileList

CompileC CMAKE_TRY_COMPILE.build/Debug/cmTC_e760f.build/Objects-normal/x86_64/CheckFunctionExists.o /usr/local/Cellar/cmake/3.9.4_1/share/cmake/Modules/CheckFunctionExists.c normal x86_64 c com.apple.compilers.llvm.clang.1_0.compiler
    cd /Users/jamesfolk/Documents/NJLI/TESTBED/test_project_repo/_build_appletv/CMakeFiles/CMakeTmp
    export LANG=en_US.US-ASCII
    /Applications/Xcode.app/Contents/Developer/Toolchains/XcodeDefault.xctoolchain/usr/bin/clang -x c -arch x86_64 -fmessage-length=0 -fdiagnostics-show-note-include-stack -fmacro-backtrace-limit=0 -Wno-trigraphs -fpascal-strings -O0 -Wno-missing-field-initializers -Wno-missing-prototypes -Wno-return-type -Wno-missing-braces -Wparentheses -Wswitch -Wno-unused-function -Wno-unused-label -Wno-unused-parameter -Wno-unused-variable -Wunused-value -Wno-empty-body -Wno-uninitialized -Wno-unknown-pragmas -Wno-shadow -Wno-four-char-constants -Wno-conversion -Wno-constant-conversion -Wno-int-conversion -Wno-bool-conversion -Wno-enum-conversion -Wno-float-conversion -Wno-non-literal-null-conversion -Wno-objc-literal-conversion -Wno-shorten-64-to-32 -Wpointer-sign -Wno-newline-eof -DCMAKE_INTDIR=\"Debug\" -isysroot /Applications/Xcode.app/Contents/Developer/Platforms/MacOSX.platform/Developer/SDKs/MacOSX10.13.sdk -fasm-blocks -fstrict-aliasing -Wdeprecated-declarations -mmacosx-version-min=10.13 -g -Wno-sign-conversion -Wno-infinite-recursion -Wno-comma -Wno-block-capture-autoreleasing -Wno-strict-prototypes -I/Users/jamesfolk/Documents/NJLI/TESTBED/test_project_repo/_build_appletv/CMakeFiles/CMakeTmp/Debug/include -I/Users/jamesfolk/Documents/NJLI/TESTBED/test_project_repo/_build_appletv/CMakeFiles/CMakeTmp/CMAKE_TRY_COMPILE.build/Debug/cmTC_e760f.build/DerivedSources/x86_64 -I/Users/jamesfolk/Documents/NJLI/TESTBED/test_project_repo/_build_appletv/CMakeFiles/CMakeTmp/CMAKE_TRY_COMPILE.build/Debug/cmTC_e760f.build/DerivedSources -Wmost -Wno-four-char-constants -Wno-unknown-pragmas -F/Users/jamesfolk/Documents/NJLI/TESTBED/test_project_repo/_build_appletv/CMakeFiles/CMakeTmp/Debug -DCHECK_FUNCTION_EXISTS=_strlwr -MMD -MT dependencies -MF /Users/jamesfolk/Documents/NJLI/TESTBED/test_project_repo/_build_appletv/CMakeFiles/CMakeTmp/CMAKE_TRY_COMPILE.build/Debug/cmTC_e760f.build/Objects-normal/x86_64/CheckFunctionExists.d --serialize-diagnostics /Users/jamesfolk/Documents/NJLI/TESTBED/test_project_repo/_build_appletv/CMakeFiles/CMakeTmp/CMAKE_TRY_COMPILE.build/Debug/cmTC_e760f.build/Objects-normal/x86_64/CheckFunctionExists.dia -c /usr/local/Cellar/cmake/3.9.4_1/share/cmake/Modules/CheckFunctionExists.c -o /Users/jamesfolk/Documents/NJLI/TESTBED/test_project_repo/_build_appletv/CMakeFiles/CMakeTmp/CMAKE_TRY_COMPILE.build/Debug/cmTC_e760f.build/Objects-normal/x86_64/CheckFunctionExists.o

Ld Debug/cmTC_e760f normal x86_64
    cd /Users/jamesfolk/Documents/NJLI/TESTBED/test_project_repo/_build_appletv/CMakeFiles/CMakeTmp
    export MACOSX_DEPLOYMENT_TARGET=10.13
    /Applications/Xcode.app/Contents/Developer/Toolchains/XcodeDefault.xctoolchain/usr/bin/clang -arch x86_64 -isysroot /Applications/Xcode.app/Contents/Developer/Platforms/MacOSX.platform/Developer/SDKs/MacOSX10.13.sdk -L/Users/jamesfolk/Documents/NJLI/TESTBED/test_project_repo/_build_appletv/CMakeFiles/CMakeTmp/Debug -F/Users/jamesfolk/Documents/NJLI/TESTBED/test_project_repo/_build_appletv/CMakeFiles/CMakeTmp/Debug -filelist /Users/jamesfolk/Documents/NJLI/TESTBED/test_project_repo/_build_appletv/CMakeFiles/CMakeTmp/CMAKE_TRY_COMPILE.build/Debug/cmTC_e760f.build/Objects-normal/x86_64/cmTC_e760f.LinkFileList -mmacosx-version-min=10.13 -Xlinker -object_path_lto -Xlinker /Users/jamesfolk/Documents/NJLI/TESTBED/test_project_repo/_build_appletv/CMakeFiles/CMakeTmp/CMAKE_TRY_COMPILE.build/Debug/cmTC_e760f.build/Objects-normal/x86_64/cmTC_e760f_lto.o -Xlinker -no_deduplicate -Wl,-search_paths_first -Wl,-headerpad_max_install_names -Xlinker -dependency_info -Xlinker /Users/jamesfolk/Documents/NJLI/TESTBED/test_project_repo/_build_appletv/CMakeFiles/CMakeTmp/CMAKE_TRY_COMPILE.build/Debug/cmTC_e760f.build/Objects-normal/x86_64/cmTC_e760f_dependency_info.dat -o /Users/jamesfolk/Documents/NJLI/TESTBED/test_project_repo/_build_appletv/CMakeFiles/CMakeTmp/Debug/cmTC_e760f
Undefined symbols for architecture x86_64:
  "__strlwr", referenced from:
      _main in CheckFunctionExists.o
ld: symbol(s) not found for architecture x86_64
clang: error: linker command failed with exit code 1 (use -v to see invocation)

** BUILD FAILED **


The following build commands failed:
	Ld Debug/cmTC_e760f normal x86_64
(1 failure)


Determining if the function itoa exists failed with the following output:
Change Dir: /Users/jamesfolk/Documents/NJLI/TESTBED/test_project_repo/_build_appletv/CMakeFiles/CMakeTmp

Run Build Command:"/Applications/Xcode.app/Contents/Developer/usr/bin/xcodebuild" "-project" "CMAKE_TRY_COMPILE.xcodeproj" "build" "-target" "cmTC_c77ce" "-configuration" "Debug"
=== BUILD TARGET cmTC_c77ce OF PROJECT CMAKE_TRY_COMPILE WITH CONFIGURATION Debug ===

Check dependencies

Write auxiliary files
/bin/mkdir -p /Users/jamesfolk/Documents/NJLI/TESTBED/test_project_repo/_build_appletv/CMakeFiles/CMakeTmp/CMAKE_TRY_COMPILE.build/Debug/cmTC_c77ce.build/Objects-normal/x86_64
write-file /Users/jamesfolk/Documents/NJLI/TESTBED/test_project_repo/_build_appletv/CMakeFiles/CMakeTmp/CMAKE_TRY_COMPILE.build/Debug/cmTC_c77ce.build/Objects-normal/x86_64/cmTC_c77ce.LinkFileList

CompileC CMAKE_TRY_COMPILE.build/Debug/cmTC_c77ce.build/Objects-normal/x86_64/CheckFunctionExists.o /usr/local/Cellar/cmake/3.9.4_1/share/cmake/Modules/CheckFunctionExists.c normal x86_64 c com.apple.compilers.llvm.clang.1_0.compiler
    cd /Users/jamesfolk/Documents/NJLI/TESTBED/test_project_repo/_build_appletv/CMakeFiles/CMakeTmp
    export LANG=en_US.US-ASCII
    /Applications/Xcode.app/Contents/Developer/Toolchains/XcodeDefault.xctoolchain/usr/bin/clang -x c -arch x86_64 -fmessage-length=0 -fdiagnostics-show-note-include-stack -fmacro-backtrace-limit=0 -Wno-trigraphs -fpascal-strings -O0 -Wno-missing-field-initializers -Wno-missing-prototypes -Wno-return-type -Wno-missing-braces -Wparentheses -Wswitch -Wno-unused-function -Wno-unused-label -Wno-unused-parameter -Wno-unused-variable -Wunused-value -Wno-empty-body -Wno-uninitialized -Wno-unknown-pragmas -Wno-shadow -Wno-four-char-constants -Wno-conversion -Wno-constant-conversion -Wno-int-conversion -Wno-bool-conversion -Wno-enum-conversion -Wno-float-conversion -Wno-non-literal-null-conversion -Wno-objc-literal-conversion -Wno-shorten-64-to-32 -Wpointer-sign -Wno-newline-eof -DCMAKE_INTDIR=\"Debug\" -isysroot /Applications/Xcode.app/Contents/Developer/Platforms/MacOSX.platform/Developer/SDKs/MacOSX10.13.sdk -fasm-blocks -fstrict-aliasing -Wdeprecated-declarations -mmacosx-version-min=10.13 -g -Wno-sign-conversion -Wno-infinite-recursion -Wno-comma -Wno-block-capture-autoreleasing -Wno-strict-prototypes -I/Users/jamesfolk/Documents/NJLI/TESTBED/test_project_repo/_build_appletv/CMakeFiles/CMakeTmp/Debug/include -I/Users/jamesfolk/Documents/NJLI/TESTBED/test_project_repo/_build_appletv/CMakeFiles/CMakeTmp/CMAKE_TRY_COMPILE.build/Debug/cmTC_c77ce.build/DerivedSources/x86_64 -I/Users/jamesfolk/Documents/NJLI/TESTBED/test_project_repo/_build_appletv/CMakeFiles/CMakeTmp/CMAKE_TRY_COMPILE.build/Debug/cmTC_c77ce.build/DerivedSources -Wmost -Wno-four-char-constants -Wno-unknown-pragmas -F/Users/jamesfolk/Documents/NJLI/TESTBED/test_project_repo/_build_appletv/CMakeFiles/CMakeTmp/Debug -DCHECK_FUNCTION_EXISTS=itoa -MMD -MT dependencies -MF /Users/jamesfolk/Documents/NJLI/TESTBED/test_project_repo/_build_appletv/CMakeFiles/CMakeTmp/CMAKE_TRY_COMPILE.build/Debug/cmTC_c77ce.build/Objects-normal/x86_64/CheckFunctionExists.d --serialize-diagnostics /Users/jamesfolk/Documents/NJLI/TESTBED/test_project_repo/_build_appletv/CMakeFiles/CMakeTmp/CMAKE_TRY_COMPILE.build/Debug/cmTC_c77ce.build/Objects-normal/x86_64/CheckFunctionExists.dia -c /usr/local/Cellar/cmake/3.9.4_1/share/cmake/Modules/CheckFunctionExists.c -o /Users/jamesfolk/Documents/NJLI/TESTBED/test_project_repo/_build_appletv/CMakeFiles/CMakeTmp/CMAKE_TRY_COMPILE.build/Debug/cmTC_c77ce.build/Objects-normal/x86_64/CheckFunctionExists.o

Ld Debug/cmTC_c77ce normal x86_64
    cd /Users/jamesfolk/Documents/NJLI/TESTBED/test_project_repo/_build_appletv/CMakeFiles/CMakeTmp
    export MACOSX_DEPLOYMENT_TARGET=10.13
    /Applications/Xcode.app/Contents/Developer/Toolchains/XcodeDefault.xctoolchain/usr/bin/clang -arch x86_64 -isysroot /Applications/Xcode.app/Contents/Developer/Platforms/MacOSX.platform/Developer/SDKs/MacOSX10.13.sdk -L/Users/jamesfolk/Documents/NJLI/TESTBED/test_project_repo/_build_appletv/CMakeFiles/CMakeTmp/Debug -F/Users/jamesfolk/Documents/NJLI/TESTBED/test_project_repo/_build_appletv/CMakeFiles/CMakeTmp/Debug -filelist /Users/jamesfolk/Documents/NJLI/TESTBED/test_project_repo/_build_appletv/CMakeFiles/CMakeTmp/CMAKE_TRY_COMPILE.build/Debug/cmTC_c77ce.build/Objects-normal/x86_64/cmTC_c77ce.LinkFileList -mmacosx-version-min=10.13 -Xlinker -object_path_lto -Xlinker /Users/jamesfolk/Documents/NJLI/TESTBED/test_project_repo/_build_appletv/CMakeFiles/CMakeTmp/CMAKE_TRY_COMPILE.build/Debug/cmTC_c77ce.build/Objects-normal/x86_64/cmTC_c77ce_lto.o -Xlinker -no_deduplicate -Wl,-search_paths_first -Wl,-headerpad_max_install_names -Xlinker -dependency_info -Xlinker /Users/jamesfolk/Documents/NJLI/TESTBED/test_project_repo/_build_appletv/CMakeFiles/CMakeTmp/CMAKE_TRY_COMPILE.build/Debug/cmTC_c77ce.build/Objects-normal/x86_64/cmTC_c77ce_dependency_info.dat -o /Users/jamesfolk/Documents/NJLI/TESTBED/test_project_repo/_build_appletv/CMakeFiles/CMakeTmp/Debug/cmTC_c77ce
Undefined symbols for architecture x86_64:
  "_itoa", referenced from:
      _main in CheckFunctionExists.o
ld: symbol(s) not found for architecture x86_64
clang: error: linker command failed with exit code 1 (use -v to see invocation)

** BUILD FAILED **


The following build commands failed:
	Ld Debug/cmTC_c77ce normal x86_64
(1 failure)


Determining if the function _ltoa exists failed with the following output:
Change Dir: /Users/jamesfolk/Documents/NJLI/TESTBED/test_project_repo/_build_appletv/CMakeFiles/CMakeTmp

Run Build Command:"/Applications/Xcode.app/Contents/Developer/usr/bin/xcodebuild" "-project" "CMAKE_TRY_COMPILE.xcodeproj" "build" "-target" "cmTC_fb5db" "-configuration" "Debug"
=== BUILD TARGET cmTC_fb5db OF PROJECT CMAKE_TRY_COMPILE WITH CONFIGURATION Debug ===

Check dependencies

Write auxiliary files
/bin/mkdir -p /Users/jamesfolk/Documents/NJLI/TESTBED/test_project_repo/_build_appletv/CMakeFiles/CMakeTmp/CMAKE_TRY_COMPILE.build/Debug/cmTC_fb5db.build/Objects-normal/x86_64
write-file /Users/jamesfolk/Documents/NJLI/TESTBED/test_project_repo/_build_appletv/CMakeFiles/CMakeTmp/CMAKE_TRY_COMPILE.build/Debug/cmTC_fb5db.build/Objects-normal/x86_64/cmTC_fb5db.LinkFileList

CompileC CMAKE_TRY_COMPILE.build/Debug/cmTC_fb5db.build/Objects-normal/x86_64/CheckFunctionExists.o /usr/local/Cellar/cmake/3.9.4_1/share/cmake/Modules/CheckFunctionExists.c normal x86_64 c com.apple.compilers.llvm.clang.1_0.compiler
    cd /Users/jamesfolk/Documents/NJLI/TESTBED/test_project_repo/_build_appletv/CMakeFiles/CMakeTmp
    export LANG=en_US.US-ASCII
    /Applications/Xcode.app/Contents/Developer/Toolchains/XcodeDefault.xctoolchain/usr/bin/clang -x c -arch x86_64 -fmessage-length=0 -fdiagnostics-show-note-include-stack -fmacro-backtrace-limit=0 -Wno-trigraphs -fpascal-strings -O0 -Wno-missing-field-initializers -Wno-missing-prototypes -Wno-return-type -Wno-missing-braces -Wparentheses -Wswitch -Wno-unused-function -Wno-unused-label -Wno-unused-parameter -Wno-unused-variable -Wunused-value -Wno-empty-body -Wno-uninitialized -Wno-unknown-pragmas -Wno-shadow -Wno-four-char-constants -Wno-conversion -Wno-constant-conversion -Wno-int-conversion -Wno-bool-conversion -Wno-enum-conversion -Wno-float-conversion -Wno-non-literal-null-conversion -Wno-objc-literal-conversion -Wno-shorten-64-to-32 -Wpointer-sign -Wno-newline-eof -DCMAKE_INTDIR=\"Debug\" -isysroot /Applications/Xcode.app/Contents/Developer/Platforms/MacOSX.platform/Developer/SDKs/MacOSX10.13.sdk -fasm-blocks -fstrict-aliasing -Wdeprecated-declarations -mmacosx-version-min=10.13 -g -Wno-sign-conversion -Wno-infinite-recursion -Wno-comma -Wno-block-capture-autoreleasing -Wno-strict-prototypes -I/Users/jamesfolk/Documents/NJLI/TESTBED/test_project_repo/_build_appletv/CMakeFiles/CMakeTmp/Debug/include -I/Users/jamesfolk/Documents/NJLI/TESTBED/test_project_repo/_build_appletv/CMakeFiles/CMakeTmp/CMAKE_TRY_COMPILE.build/Debug/cmTC_fb5db.build/DerivedSources/x86_64 -I/Users/jamesfolk/Documents/NJLI/TESTBED/test_project_repo/_build_appletv/CMakeFiles/CMakeTmp/CMAKE_TRY_COMPILE.build/Debug/cmTC_fb5db.build/DerivedSources -Wmost -Wno-four-char-constants -Wno-unknown-pragmas -F/Users/jamesfolk/Documents/NJLI/TESTBED/test_project_repo/_build_appletv/CMakeFiles/CMakeTmp/Debug -DCHECK_FUNCTION_EXISTS=_ltoa -MMD -MT dependencies -MF /Users/jamesfolk/Documents/NJLI/TESTBED/test_project_repo/_build_appletv/CMakeFiles/CMakeTmp/CMAKE_TRY_COMPILE.build/Debug/cmTC_fb5db.build/Objects-normal/x86_64/CheckFunctionExists.d --serialize-diagnostics /Users/jamesfolk/Documents/NJLI/TESTBED/test_project_repo/_build_appletv/CMakeFiles/CMakeTmp/CMAKE_TRY_COMPILE.build/Debug/cmTC_fb5db.build/Objects-normal/x86_64/CheckFunctionExists.dia -c /usr/local/Cellar/cmake/3.9.4_1/share/cmake/Modules/CheckFunctionExists.c -o /Users/jamesfolk/Documents/NJLI/TESTBED/test_project_repo/_build_appletv/CMakeFiles/CMakeTmp/CMAKE_TRY_COMPILE.build/Debug/cmTC_fb5db.build/Objects-normal/x86_64/CheckFunctionExists.o

Ld Debug/cmTC_fb5db normal x86_64
    cd /Users/jamesfolk/Documents/NJLI/TESTBED/test_project_repo/_build_appletv/CMakeFiles/CMakeTmp
    export MACOSX_DEPLOYMENT_TARGET=10.13
    /Applications/Xcode.app/Contents/Developer/Toolchains/XcodeDefault.xctoolchain/usr/bin/clang -arch x86_64 -isysroot /Applications/Xcode.app/Contents/Developer/Platforms/MacOSX.platform/Developer/SDKs/MacOSX10.13.sdk -L/Users/jamesfolk/Documents/NJLI/TESTBED/test_project_repo/_build_appletv/CMakeFiles/CMakeTmp/Debug -F/Users/jamesfolk/Documents/NJLI/TESTBED/test_project_repo/_build_appletv/CMakeFiles/CMakeTmp/Debug -filelist /Users/jamesfolk/Documents/NJLI/TESTBED/test_project_repo/_build_appletv/CMakeFiles/CMakeTmp/CMAKE_TRY_COMPILE.build/Debug/cmTC_fb5db.build/Objects-normal/x86_64/cmTC_fb5db.LinkFileList -mmacosx-version-min=10.13 -Xlinker -object_path_lto -Xlinker /Users/jamesfolk/Documents/NJLI/TESTBED/test_project_repo/_build_appletv/CMakeFiles/CMakeTmp/CMAKE_TRY_COMPILE.build/Debug/cmTC_fb5db.build/Objects-normal/x86_64/cmTC_fb5db_lto.o -Xlinker -no_deduplicate -Wl,-search_paths_first -Wl,-headerpad_max_install_names -Xlinker -dependency_info -Xlinker /Users/jamesfolk/Documents/NJLI/TESTBED/test_project_repo/_build_appletv/CMakeFiles/CMakeTmp/CMAKE_TRY_COMPILE.build/Debug/cmTC_fb5db.build/Objects-normal/x86_64/cmTC_fb5db_dependency_info.dat -o /Users/jamesfolk/Documents/NJLI/TESTBED/test_project_repo/_build_appletv/CMakeFiles/CMakeTmp/Debug/cmTC_fb5db
Undefined symbols for architecture x86_64:
  "__ltoa", referenced from:
      _main in CheckFunctionExists.o
ld: symbol(s) not found for architecture x86_64
clang: error: linker command failed with exit code 1 (use -v to see invocation)

** BUILD FAILED **


The following build commands failed:
	Ld Debug/cmTC_fb5db normal x86_64
(1 failure)


Determining if the function _uitoa exists failed with the following output:
Change Dir: /Users/jamesfolk/Documents/NJLI/TESTBED/test_project_repo/_build_appletv/CMakeFiles/CMakeTmp

Run Build Command:"/Applications/Xcode.app/Contents/Developer/usr/bin/xcodebuild" "-project" "CMAKE_TRY_COMPILE.xcodeproj" "build" "-target" "cmTC_94170" "-configuration" "Debug"
=== BUILD TARGET cmTC_94170 OF PROJECT CMAKE_TRY_COMPILE WITH CONFIGURATION Debug ===

Check dependencies

Write auxiliary files
/bin/mkdir -p /Users/jamesfolk/Documents/NJLI/TESTBED/test_project_repo/_build_appletv/CMakeFiles/CMakeTmp/CMAKE_TRY_COMPILE.build/Debug/cmTC_94170.build/Objects-normal/x86_64
write-file /Users/jamesfolk/Documents/NJLI/TESTBED/test_project_repo/_build_appletv/CMakeFiles/CMakeTmp/CMAKE_TRY_COMPILE.build/Debug/cmTC_94170.build/Objects-normal/x86_64/cmTC_94170.LinkFileList

CompileC CMAKE_TRY_COMPILE.build/Debug/cmTC_94170.build/Objects-normal/x86_64/CheckFunctionExists.o /usr/local/Cellar/cmake/3.9.4_1/share/cmake/Modules/CheckFunctionExists.c normal x86_64 c com.apple.compilers.llvm.clang.1_0.compiler
    cd /Users/jamesfolk/Documents/NJLI/TESTBED/test_project_repo/_build_appletv/CMakeFiles/CMakeTmp
    export LANG=en_US.US-ASCII
    /Applications/Xcode.app/Contents/Developer/Toolchains/XcodeDefault.xctoolchain/usr/bin/clang -x c -arch x86_64 -fmessage-length=0 -fdiagnostics-show-note-include-stack -fmacro-backtrace-limit=0 -Wno-trigraphs -fpascal-strings -O0 -Wno-missing-field-initializers -Wno-missing-prototypes -Wno-return-type -Wno-missing-braces -Wparentheses -Wswitch -Wno-unused-function -Wno-unused-label -Wno-unused-parameter -Wno-unused-variable -Wunused-value -Wno-empty-body -Wno-uninitialized -Wno-unknown-pragmas -Wno-shadow -Wno-four-char-constants -Wno-conversion -Wno-constant-conversion -Wno-int-conversion -Wno-bool-conversion -Wno-enum-conversion -Wno-float-conversion -Wno-non-literal-null-conversion -Wno-objc-literal-conversion -Wno-shorten-64-to-32 -Wpointer-sign -Wno-newline-eof -DCMAKE_INTDIR=\"Debug\" -isysroot /Applications/Xcode.app/Contents/Developer/Platforms/MacOSX.platform/Developer/SDKs/MacOSX10.13.sdk -fasm-blocks -fstrict-aliasing -Wdeprecated-declarations -mmacosx-version-min=10.13 -g -Wno-sign-conversion -Wno-infinite-recursion -Wno-comma -Wno-block-capture-autoreleasing -Wno-strict-prototypes -I/Users/jamesfolk/Documents/NJLI/TESTBED/test_project_repo/_build_appletv/CMakeFiles/CMakeTmp/Debug/include -I/Users/jamesfolk/Documents/NJLI/TESTBED/test_project_repo/_build_appletv/CMakeFiles/CMakeTmp/CMAKE_TRY_COMPILE.build/Debug/cmTC_94170.build/DerivedSources/x86_64 -I/Users/jamesfolk/Documents/NJLI/TESTBED/test_project_repo/_build_appletv/CMakeFiles/CMakeTmp/CMAKE_TRY_COMPILE.build/Debug/cmTC_94170.build/DerivedSources -Wmost -Wno-four-char-constants -Wno-unknown-pragmas -F/Users/jamesfolk/Documents/NJLI/TESTBED/test_project_repo/_build_appletv/CMakeFiles/CMakeTmp/Debug -DCHECK_FUNCTION_EXISTS=_uitoa -MMD -MT dependencies -MF /Users/jamesfolk/Documents/NJLI/TESTBED/test_project_repo/_build_appletv/CMakeFiles/CMakeTmp/CMAKE_TRY_COMPILE.build/Debug/cmTC_94170.build/Objects-normal/x86_64/CheckFunctionExists.d --serialize-diagnostics /Users/jamesfolk/Documents/NJLI/TESTBED/test_project_repo/_build_appletv/CMakeFiles/CMakeTmp/CMAKE_TRY_COMPILE.build/Debug/cmTC_94170.build/Objects-normal/x86_64/CheckFunctionExists.dia -c /usr/local/Cellar/cmake/3.9.4_1/share/cmake/Modules/CheckFunctionExists.c -o /Users/jamesfolk/Documents/NJLI/TESTBED/test_project_repo/_build_appletv/CMakeFiles/CMakeTmp/CMAKE_TRY_COMPILE.build/Debug/cmTC_94170.build/Objects-normal/x86_64/CheckFunctionExists.o

Ld Debug/cmTC_94170 normal x86_64
    cd /Users/jamesfolk/Documents/NJLI/TESTBED/test_project_repo/_build_appletv/CMakeFiles/CMakeTmp
    export MACOSX_DEPLOYMENT_TARGET=10.13
    /Applications/Xcode.app/Contents/Developer/Toolchains/XcodeDefault.xctoolchain/usr/bin/clang -arch x86_64 -isysroot /Applications/Xcode.app/Contents/Developer/Platforms/MacOSX.platform/Developer/SDKs/MacOSX10.13.sdk -L/Users/jamesfolk/Documents/NJLI/TESTBED/test_project_repo/_build_appletv/CMakeFiles/CMakeTmp/Debug -F/Users/jamesfolk/Documents/NJLI/TESTBED/test_project_repo/_build_appletv/CMakeFiles/CMakeTmp/Debug -filelist /Users/jamesfolk/Documents/NJLI/TESTBED/test_project_repo/_build_appletv/CMakeFiles/CMakeTmp/CMAKE_TRY_COMPILE.build/Debug/cmTC_94170.build/Objects-normal/x86_64/cmTC_94170.LinkFileList -mmacosx-version-min=10.13 -Xlinker -object_path_lto -Xlinker /Users/jamesfolk/Documents/NJLI/TESTBED/test_project_repo/_build_appletv/CMakeFiles/CMakeTmp/CMAKE_TRY_COMPILE.build/Debug/cmTC_94170.build/Objects-normal/x86_64/cmTC_94170_lto.o -Xlinker -no_deduplicate -Wl,-search_paths_first -Wl,-headerpad_max_install_names -Xlinker -dependency_info -Xlinker /Users/jamesfolk/Documents/NJLI/TESTBED/test_project_repo/_build_appletv/CMakeFiles/CMakeTmp/CMAKE_TRY_COMPILE.build/Debug/cmTC_94170.build/Objects-normal/x86_64/cmTC_94170_dependency_info.dat -o /Users/jamesfolk/Documents/NJLI/TESTBED/test_project_repo/_build_appletv/CMakeFiles/CMakeTmp/Debug/cmTC_94170
Undefined symbols for architecture x86_64:
  "__uitoa", referenced from:
      _main in CheckFunctionExists.o
ld: symbol(s) not found for architecture x86_64
clang: error: linker command failed with exit code 1 (use -v to see invocation)

** BUILD FAILED **


The following build commands failed:
	Ld Debug/cmTC_94170 normal x86_64
(1 failure)


Determining if the function _ultoa exists failed with the following output:
Change Dir: /Users/jamesfolk/Documents/NJLI/TESTBED/test_project_repo/_build_appletv/CMakeFiles/CMakeTmp

Run Build Command:"/Applications/Xcode.app/Contents/Developer/usr/bin/xcodebuild" "-project" "CMAKE_TRY_COMPILE.xcodeproj" "build" "-target" "cmTC_89a28" "-configuration" "Debug"
=== BUILD TARGET cmTC_89a28 OF PROJECT CMAKE_TRY_COMPILE WITH CONFIGURATION Debug ===

Check dependencies

Write auxiliary files
/bin/mkdir -p /Users/jamesfolk/Documents/NJLI/TESTBED/test_project_repo/_build_appletv/CMakeFiles/CMakeTmp/CMAKE_TRY_COMPILE.build/Debug/cmTC_89a28.build/Objects-normal/x86_64
write-file /Users/jamesfolk/Documents/NJLI/TESTBED/test_project_repo/_build_appletv/CMakeFiles/CMakeTmp/CMAKE_TRY_COMPILE.build/Debug/cmTC_89a28.build/Objects-normal/x86_64/cmTC_89a28.LinkFileList

CompileC CMAKE_TRY_COMPILE.build/Debug/cmTC_89a28.build/Objects-normal/x86_64/CheckFunctionExists.o /usr/local/Cellar/cmake/3.9.4_1/share/cmake/Modules/CheckFunctionExists.c normal x86_64 c com.apple.compilers.llvm.clang.1_0.compiler
    cd /Users/jamesfolk/Documents/NJLI/TESTBED/test_project_repo/_build_appletv/CMakeFiles/CMakeTmp
    export LANG=en_US.US-ASCII
    /Applications/Xcode.app/Contents/Developer/Toolchains/XcodeDefault.xctoolchain/usr/bin/clang -x c -arch x86_64 -fmessage-length=0 -fdiagnostics-show-note-include-stack -fmacro-backtrace-limit=0 -Wno-trigraphs -fpascal-strings -O0 -Wno-missing-field-initializers -Wno-missing-prototypes -Wno-return-type -Wno-missing-braces -Wparentheses -Wswitch -Wno-unused-function -Wno-unused-label -Wno-unused-parameter -Wno-unused-variable -Wunused-value -Wno-empty-body -Wno-uninitialized -Wno-unknown-pragmas -Wno-shadow -Wno-four-char-constants -Wno-conversion -Wno-constant-conversion -Wno-int-conversion -Wno-bool-conversion -Wno-enum-conversion -Wno-float-conversion -Wno-non-literal-null-conversion -Wno-objc-literal-conversion -Wno-shorten-64-to-32 -Wpointer-sign -Wno-newline-eof -DCMAKE_INTDIR=\"Debug\" -isysroot /Applications/Xcode.app/Contents/Developer/Platforms/MacOSX.platform/Developer/SDKs/MacOSX10.13.sdk -fasm-blocks -fstrict-aliasing -Wdeprecated-declarations -mmacosx-version-min=10.13 -g -Wno-sign-conversion -Wno-infinite-recursion -Wno-comma -Wno-block-capture-autoreleasing -Wno-strict-prototypes -I/Users/jamesfolk/Documents/NJLI/TESTBED/test_project_repo/_build_appletv/CMakeFiles/CMakeTmp/Debug/include -I/Users/jamesfolk/Documents/NJLI/TESTBED/test_project_repo/_build_appletv/CMakeFiles/CMakeTmp/CMAKE_TRY_COMPILE.build/Debug/cmTC_89a28.build/DerivedSources/x86_64 -I/Users/jamesfolk/Documents/NJLI/TESTBED/test_project_repo/_build_appletv/CMakeFiles/CMakeTmp/CMAKE_TRY_COMPILE.build/Debug/cmTC_89a28.build/DerivedSources -Wmost -Wno-four-char-constants -Wno-unknown-pragmas -F/Users/jamesfolk/Documents/NJLI/TESTBED/test_project_repo/_build_appletv/CMakeFiles/CMakeTmp/Debug -DCHECK_FUNCTION_EXISTS=_ultoa -MMD -MT dependencies -MF /Users/jamesfolk/Documents/NJLI/TESTBED/test_project_repo/_build_appletv/CMakeFiles/CMakeTmp/CMAKE_TRY_COMPILE.build/Debug/cmTC_89a28.build/Objects-normal/x86_64/CheckFunctionExists.d --serialize-diagnostics /Users/jamesfolk/Documents/NJLI/TESTBED/test_project_repo/_build_appletv/CMakeFiles/CMakeTmp/CMAKE_TRY_COMPILE.build/Debug/cmTC_89a28.build/Objects-normal/x86_64/CheckFunctionExists.dia -c /usr/local/Cellar/cmake/3.9.4_1/share/cmake/Modules/CheckFunctionExists.c -o /Users/jamesfolk/Documents/NJLI/TESTBED/test_project_repo/_build_appletv/CMakeFiles/CMakeTmp/CMAKE_TRY_COMPILE.build/Debug/cmTC_89a28.build/Objects-normal/x86_64/CheckFunctionExists.o

Ld Debug/cmTC_89a28 normal x86_64
    cd /Users/jamesfolk/Documents/NJLI/TESTBED/test_project_repo/_build_appletv/CMakeFiles/CMakeTmp
    export MACOSX_DEPLOYMENT_TARGET=10.13
    /Applications/Xcode.app/Contents/Developer/Toolchains/XcodeDefault.xctoolchain/usr/bin/clang -arch x86_64 -isysroot /Applications/Xcode.app/Contents/Developer/Platforms/MacOSX.platform/Developer/SDKs/MacOSX10.13.sdk -L/Users/jamesfolk/Documents/NJLI/TESTBED/test_project_repo/_build_appletv/CMakeFiles/CMakeTmp/Debug -F/Users/jamesfolk/Documents/NJLI/TESTBED/test_project_repo/_build_appletv/CMakeFiles/CMakeTmp/Debug -filelist /Users/jamesfolk/Documents/NJLI/TESTBED/test_project_repo/_build_appletv/CMakeFiles/CMakeTmp/CMAKE_TRY_COMPILE.build/Debug/cmTC_89a28.build/Objects-normal/x86_64/cmTC_89a28.LinkFileList -mmacosx-version-min=10.13 -Xlinker -object_path_lto -Xlinker /Users/jamesfolk/Documents/NJLI/TESTBED/test_project_repo/_build_appletv/CMakeFiles/CMakeTmp/CMAKE_TRY_COMPILE.build/Debug/cmTC_89a28.build/Objects-normal/x86_64/cmTC_89a28_lto.o -Xlinker -no_deduplicate -Wl,-search_paths_first -Wl,-headerpad_max_install_names -Xlinker -dependency_info -Xlinker /Users/jamesfolk/Documents/NJLI/TESTBED/test_project_repo/_build_appletv/CMakeFiles/CMakeTmp/CMAKE_TRY_COMPILE.build/Debug/cmTC_89a28.build/Objects-normal/x86_64/cmTC_89a28_dependency_info.dat -o /Users/jamesfolk/Documents/NJLI/TESTBED/test_project_repo/_build_appletv/CMakeFiles/CMakeTmp/Debug/cmTC_89a28
Undefined symbols for architecture x86_64:
  "__ultoa", referenced from:
      _main in CheckFunctionExists.o
ld: symbol(s) not found for architecture x86_64
clang: error: linker command failed with exit code 1 (use -v to see invocation)

** BUILD FAILED **


The following build commands failed:
	Ld Debug/cmTC_89a28 normal x86_64
(1 failure)


Determining if the function _i64toa exists failed with the following output:
Change Dir: /Users/jamesfolk/Documents/NJLI/TESTBED/test_project_repo/_build_appletv/CMakeFiles/CMakeTmp

Run Build Command:"/Applications/Xcode.app/Contents/Developer/usr/bin/xcodebuild" "-project" "CMAKE_TRY_COMPILE.xcodeproj" "build" "-target" "cmTC_90474" "-configuration" "Debug"
=== BUILD TARGET cmTC_90474 OF PROJECT CMAKE_TRY_COMPILE WITH CONFIGURATION Debug ===

Check dependencies

Write auxiliary files
/bin/mkdir -p /Users/jamesfolk/Documents/NJLI/TESTBED/test_project_repo/_build_appletv/CMakeFiles/CMakeTmp/CMAKE_TRY_COMPILE.build/Debug/cmTC_90474.build/Objects-normal/x86_64
write-file /Users/jamesfolk/Documents/NJLI/TESTBED/test_project_repo/_build_appletv/CMakeFiles/CMakeTmp/CMAKE_TRY_COMPILE.build/Debug/cmTC_90474.build/Objects-normal/x86_64/cmTC_90474.LinkFileList

CompileC CMAKE_TRY_COMPILE.build/Debug/cmTC_90474.build/Objects-normal/x86_64/CheckFunctionExists.o /usr/local/Cellar/cmake/3.9.4_1/share/cmake/Modules/CheckFunctionExists.c normal x86_64 c com.apple.compilers.llvm.clang.1_0.compiler
    cd /Users/jamesfolk/Documents/NJLI/TESTBED/test_project_repo/_build_appletv/CMakeFiles/CMakeTmp
    export LANG=en_US.US-ASCII
    /Applications/Xcode.app/Contents/Developer/Toolchains/XcodeDefault.xctoolchain/usr/bin/clang -x c -arch x86_64 -fmessage-length=0 -fdiagnostics-show-note-include-stack -fmacro-backtrace-limit=0 -Wno-trigraphs -fpascal-strings -O0 -Wno-missing-field-initializers -Wno-missing-prototypes -Wno-return-type -Wno-missing-braces -Wparentheses -Wswitch -Wno-unused-function -Wno-unused-label -Wno-unused-parameter -Wno-unused-variable -Wunused-value -Wno-empty-body -Wno-uninitialized -Wno-unknown-pragmas -Wno-shadow -Wno-four-char-constants -Wno-conversion -Wno-constant-conversion -Wno-int-conversion -Wno-bool-conversion -Wno-enum-conversion -Wno-float-conversion -Wno-non-literal-null-conversion -Wno-objc-literal-conversion -Wno-shorten-64-to-32 -Wpointer-sign -Wno-newline-eof -DCMAKE_INTDIR=\"Debug\" -isysroot /Applications/Xcode.app/Contents/Developer/Platforms/MacOSX.platform/Developer/SDKs/MacOSX10.13.sdk -fasm-blocks -fstrict-aliasing -Wdeprecated-declarations -mmacosx-version-min=10.13 -g -Wno-sign-conversion -Wno-infinite-recursion -Wno-comma -Wno-block-capture-autoreleasing -Wno-strict-prototypes -I/Users/jamesfolk/Documents/NJLI/TESTBED/test_project_repo/_build_appletv/CMakeFiles/CMakeTmp/Debug/include -I/Users/jamesfolk/Documents/NJLI/TESTBED/test_project_repo/_build_appletv/CMakeFiles/CMakeTmp/CMAKE_TRY_COMPILE.build/Debug/cmTC_90474.build/DerivedSources/x86_64 -I/Users/jamesfolk/Documents/NJLI/TESTBED/test_project_repo/_build_appletv/CMakeFiles/CMakeTmp/CMAKE_TRY_COMPILE.build/Debug/cmTC_90474.build/DerivedSources -Wmost -Wno-four-char-constants -Wno-unknown-pragmas -F/Users/jamesfolk/Documents/NJLI/TESTBED/test_project_repo/_build_appletv/CMakeFiles/CMakeTmp/Debug -DCHECK_FUNCTION_EXISTS=_i64toa -MMD -MT dependencies -MF /Users/jamesfolk/Documents/NJLI/TESTBED/test_project_repo/_build_appletv/CMakeFiles/CMakeTmp/CMAKE_TRY_COMPILE.build/Debug/cmTC_90474.build/Objects-normal/x86_64/CheckFunctionExists.d --serialize-diagnostics /Users/jamesfolk/Documents/NJLI/TESTBED/test_project_repo/_build_appletv/CMakeFiles/CMakeTmp/CMAKE_TRY_COMPILE.build/Debug/cmTC_90474.build/Objects-normal/x86_64/CheckFunctionExists.dia -c /usr/local/Cellar/cmake/3.9.4_1/share/cmake/Modules/CheckFunctionExists.c -o /Users/jamesfolk/Documents/NJLI/TESTBED/test_project_repo/_build_appletv/CMakeFiles/CMakeTmp/CMAKE_TRY_COMPILE.build/Debug/cmTC_90474.build/Objects-normal/x86_64/CheckFunctionExists.o

Ld Debug/cmTC_90474 normal x86_64
    cd /Users/jamesfolk/Documents/NJLI/TESTBED/test_project_repo/_build_appletv/CMakeFiles/CMakeTmp
    export MACOSX_DEPLOYMENT_TARGET=10.13
    /Applications/Xcode.app/Contents/Developer/Toolchains/XcodeDefault.xctoolchain/usr/bin/clang -arch x86_64 -isysroot /Applications/Xcode.app/Contents/Developer/Platforms/MacOSX.platform/Developer/SDKs/MacOSX10.13.sdk -L/Users/jamesfolk/Documents/NJLI/TESTBED/test_project_repo/_build_appletv/CMakeFiles/CMakeTmp/Debug -F/Users/jamesfolk/Documents/NJLI/TESTBED/test_project_repo/_build_appletv/CMakeFiles/CMakeTmp/Debug -filelist /Users/jamesfolk/Documents/NJLI/TESTBED/test_project_repo/_build_appletv/CMakeFiles/CMakeTmp/CMAKE_TRY_COMPILE.build/Debug/cmTC_90474.build/Objects-normal/x86_64/cmTC_90474.LinkFileList -mmacosx-version-min=10.13 -Xlinker -object_path_lto -Xlinker /Users/jamesfolk/Documents/NJLI/TESTBED/test_project_repo/_build_appletv/CMakeFiles/CMakeTmp/CMAKE_TRY_COMPILE.build/Debug/cmTC_90474.build/Objects-normal/x86_64/cmTC_90474_lto.o -Xlinker -no_deduplicate -Wl,-search_paths_first -Wl,-headerpad_max_install_names -Xlinker -dependency_info -Xlinker /Users/jamesfolk/Documents/NJLI/TESTBED/test_project_repo/_build_appletv/CMakeFiles/CMakeTmp/CMAKE_TRY_COMPILE.build/Debug/cmTC_90474.build/Objects-normal/x86_64/cmTC_90474_dependency_info.dat -o /Users/jamesfolk/Documents/NJLI/TESTBED/test_project_repo/_build_appletv/CMakeFiles/CMakeTmp/Debug/cmTC_90474
Undefined symbols for architecture x86_64:
  "__i64toa", referenced from:
      _main in CheckFunctionExists.o
ld: symbol(s) not found for architecture x86_64
clang: error: linker command failed with exit code 1 (use -v to see invocation)

** BUILD FAILED **


The following build commands failed:
	Ld Debug/cmTC_90474 normal x86_64
(1 failure)


Determining if the function _ui64toa exists failed with the following output:
Change Dir: /Users/jamesfolk/Documents/NJLI/TESTBED/test_project_repo/_build_appletv/CMakeFiles/CMakeTmp

Run Build Command:"/Applications/Xcode.app/Contents/Developer/usr/bin/xcodebuild" "-project" "CMAKE_TRY_COMPILE.xcodeproj" "build" "-target" "cmTC_b8928" "-configuration" "Debug"
=== BUILD TARGET cmTC_b8928 OF PROJECT CMAKE_TRY_COMPILE WITH CONFIGURATION Debug ===

Check dependencies

Write auxiliary files
/bin/mkdir -p /Users/jamesfolk/Documents/NJLI/TESTBED/test_project_repo/_build_appletv/CMakeFiles/CMakeTmp/CMAKE_TRY_COMPILE.build/Debug/cmTC_b8928.build/Objects-normal/x86_64
write-file /Users/jamesfolk/Documents/NJLI/TESTBED/test_project_repo/_build_appletv/CMakeFiles/CMakeTmp/CMAKE_TRY_COMPILE.build/Debug/cmTC_b8928.build/Objects-normal/x86_64/cmTC_b8928.LinkFileList

CompileC CMAKE_TRY_COMPILE.build/Debug/cmTC_b8928.build/Objects-normal/x86_64/CheckFunctionExists.o /usr/local/Cellar/cmake/3.9.4_1/share/cmake/Modules/CheckFunctionExists.c normal x86_64 c com.apple.compilers.llvm.clang.1_0.compiler
    cd /Users/jamesfolk/Documents/NJLI/TESTBED/test_project_repo/_build_appletv/CMakeFiles/CMakeTmp
    export LANG=en_US.US-ASCII
    /Applications/Xcode.app/Contents/Developer/Toolchains/XcodeDefault.xctoolchain/usr/bin/clang -x c -arch x86_64 -fmessage-length=0 -fdiagnostics-show-note-include-stack -fmacro-backtrace-limit=0 -Wno-trigraphs -fpascal-strings -O0 -Wno-missing-field-initializers -Wno-missing-prototypes -Wno-return-type -Wno-missing-braces -Wparentheses -Wswitch -Wno-unused-function -Wno-unused-label -Wno-unused-parameter -Wno-unused-variable -Wunused-value -Wno-empty-body -Wno-uninitialized -Wno-unknown-pragmas -Wno-shadow -Wno-four-char-constants -Wno-conversion -Wno-constant-conversion -Wno-int-conversion -Wno-bool-conversion -Wno-enum-conversion -Wno-float-conversion -Wno-non-literal-null-conversion -Wno-objc-literal-conversion -Wno-shorten-64-to-32 -Wpointer-sign -Wno-newline-eof -DCMAKE_INTDIR=\"Debug\" -isysroot /Applications/Xcode.app/Contents/Developer/Platforms/MacOSX.platform/Developer/SDKs/MacOSX10.13.sdk -fasm-blocks -fstrict-aliasing -Wdeprecated-declarations -mmacosx-version-min=10.13 -g -Wno-sign-conversion -Wno-infinite-recursion -Wno-comma -Wno-block-capture-autoreleasing -Wno-strict-prototypes -I/Users/jamesfolk/Documents/NJLI/TESTBED/test_project_repo/_build_appletv/CMakeFiles/CMakeTmp/Debug/include -I/Users/jamesfolk/Documents/NJLI/TESTBED/test_project_repo/_build_appletv/CMakeFiles/CMakeTmp/CMAKE_TRY_COMPILE.build/Debug/cmTC_b8928.build/DerivedSources/x86_64 -I/Users/jamesfolk/Documents/NJLI/TESTBED/test_project_repo/_build_appletv/CMakeFiles/CMakeTmp/CMAKE_TRY_COMPILE.build/Debug/cmTC_b8928.build/DerivedSources -Wmost -Wno-four-char-constants -Wno-unknown-pragmas -F/Users/jamesfolk/Documents/NJLI/TESTBED/test_project_repo/_build_appletv/CMakeFiles/CMakeTmp/Debug -DCHECK_FUNCTION_EXISTS=_ui64toa -MMD -MT dependencies -MF /Users/jamesfolk/Documents/NJLI/TESTBED/test_project_repo/_build_appletv/CMakeFiles/CMakeTmp/CMAKE_TRY_COMPILE.build/Debug/cmTC_b8928.build/Objects-normal/x86_64/CheckFunctionExists.d --serialize-diagnostics /Users/jamesfolk/Documents/NJLI/TESTBED/test_project_repo/_build_appletv/CMakeFiles/CMakeTmp/CMAKE_TRY_COMPILE.build/Debug/cmTC_b8928.build/Objects-normal/x86_64/CheckFunctionExists.dia -c /usr/local/Cellar/cmake/3.9.4_1/share/cmake/Modules/CheckFunctionExists.c -o /Users/jamesfolk/Documents/NJLI/TESTBED/test_project_repo/_build_appletv/CMakeFiles/CMakeTmp/CMAKE_TRY_COMPILE.build/Debug/cmTC_b8928.build/Objects-normal/x86_64/CheckFunctionExists.o

Ld Debug/cmTC_b8928 normal x86_64
    cd /Users/jamesfolk/Documents/NJLI/TESTBED/test_project_repo/_build_appletv/CMakeFiles/CMakeTmp
    export MACOSX_DEPLOYMENT_TARGET=10.13
    /Applications/Xcode.app/Contents/Developer/Toolchains/XcodeDefault.xctoolchain/usr/bin/clang -arch x86_64 -isysroot /Applications/Xcode.app/Contents/Developer/Platforms/MacOSX.platform/Developer/SDKs/MacOSX10.13.sdk -L/Users/jamesfolk/Documents/NJLI/TESTBED/test_project_repo/_build_appletv/CMakeFiles/CMakeTmp/Debug -F/Users/jamesfolk/Documents/NJLI/TESTBED/test_project_repo/_build_appletv/CMakeFiles/CMakeTmp/Debug -filelist /Users/jamesfolk/Documents/NJLI/TESTBED/test_project_repo/_build_appletv/CMakeFiles/CMakeTmp/CMAKE_TRY_COMPILE.build/Debug/cmTC_b8928.build/Objects-normal/x86_64/cmTC_b8928.LinkFileList -mmacosx-version-min=10.13 -Xlinker -object_path_lto -Xlinker /Users/jamesfolk/Documents/NJLI/TESTBED/test_project_repo/_build_appletv/CMakeFiles/CMakeTmp/CMAKE_TRY_COMPILE.build/Debug/cmTC_b8928.build/Objects-normal/x86_64/cmTC_b8928_lto.o -Xlinker -no_deduplicate -Wl,-search_paths_first -Wl,-headerpad_max_install_names -Xlinker -dependency_info -Xlinker /Users/jamesfolk/Documents/NJLI/TESTBED/test_project_repo/_build_appletv/CMakeFiles/CMakeTmp/CMAKE_TRY_COMPILE.build/Debug/cmTC_b8928.build/Objects-normal/x86_64/cmTC_b8928_dependency_info.dat -o /Users/jamesfolk/Documents/NJLI/TESTBED/test_project_repo/_build_appletv/CMakeFiles/CMakeTmp/Debug/cmTC_b8928
Undefined symbols for architecture x86_64:
  "__ui64toa", referenced from:
      _main in CheckFunctionExists.o
ld: symbol(s) not found for architecture x86_64
clang: error: linker command failed with exit code 1 (use -v to see invocation)

** BUILD FAILED **


The following build commands failed:
	Ld Debug/cmTC_b8928 normal x86_64
(1 failure)


Determining if the function _stricmp exists failed with the following output:
Change Dir: /Users/jamesfolk/Documents/NJLI/TESTBED/test_project_repo/_build_appletv/CMakeFiles/CMakeTmp

Run Build Command:"/Applications/Xcode.app/Contents/Developer/usr/bin/xcodebuild" "-project" "CMAKE_TRY_COMPILE.xcodeproj" "build" "-target" "cmTC_79a30" "-configuration" "Debug"
=== BUILD TARGET cmTC_79a30 OF PROJECT CMAKE_TRY_COMPILE WITH CONFIGURATION Debug ===

Check dependencies

Write auxiliary files
/bin/mkdir -p /Users/jamesfolk/Documents/NJLI/TESTBED/test_project_repo/_build_appletv/CMakeFiles/CMakeTmp/CMAKE_TRY_COMPILE.build/Debug/cmTC_79a30.build/Objects-normal/x86_64
write-file /Users/jamesfolk/Documents/NJLI/TESTBED/test_project_repo/_build_appletv/CMakeFiles/CMakeTmp/CMAKE_TRY_COMPILE.build/Debug/cmTC_79a30.build/Objects-normal/x86_64/cmTC_79a30.LinkFileList

CompileC CMAKE_TRY_COMPILE.build/Debug/cmTC_79a30.build/Objects-normal/x86_64/CheckFunctionExists.o /usr/local/Cellar/cmake/3.9.4_1/share/cmake/Modules/CheckFunctionExists.c normal x86_64 c com.apple.compilers.llvm.clang.1_0.compiler
    cd /Users/jamesfolk/Documents/NJLI/TESTBED/test_project_repo/_build_appletv/CMakeFiles/CMakeTmp
    export LANG=en_US.US-ASCII
    /Applications/Xcode.app/Contents/Developer/Toolchains/XcodeDefault.xctoolchain/usr/bin/clang -x c -arch x86_64 -fmessage-length=0 -fdiagnostics-show-note-include-stack -fmacro-backtrace-limit=0 -Wno-trigraphs -fpascal-strings -O0 -Wno-missing-field-initializers -Wno-missing-prototypes -Wno-return-type -Wno-missing-braces -Wparentheses -Wswitch -Wno-unused-function -Wno-unused-label -Wno-unused-parameter -Wno-unused-variable -Wunused-value -Wno-empty-body -Wno-uninitialized -Wno-unknown-pragmas -Wno-shadow -Wno-four-char-constants -Wno-conversion -Wno-constant-conversion -Wno-int-conversion -Wno-bool-conversion -Wno-enum-conversion -Wno-float-conversion -Wno-non-literal-null-conversion -Wno-objc-literal-conversion -Wno-shorten-64-to-32 -Wpointer-sign -Wno-newline-eof -DCMAKE_INTDIR=\"Debug\" -isysroot /Applications/Xcode.app/Contents/Developer/Platforms/MacOSX.platform/Developer/SDKs/MacOSX10.13.sdk -fasm-blocks -fstrict-aliasing -Wdeprecated-declarations -mmacosx-version-min=10.13 -g -Wno-sign-conversion -Wno-infinite-recursion -Wno-comma -Wno-block-capture-autoreleasing -Wno-strict-prototypes -I/Users/jamesfolk/Documents/NJLI/TESTBED/test_project_repo/_build_appletv/CMakeFiles/CMakeTmp/Debug/include -I/Users/jamesfolk/Documents/NJLI/TESTBED/test_project_repo/_build_appletv/CMakeFiles/CMakeTmp/CMAKE_TRY_COMPILE.build/Debug/cmTC_79a30.build/DerivedSources/x86_64 -I/Users/jamesfolk/Documents/NJLI/TESTBED/test_project_repo/_build_appletv/CMakeFiles/CMakeTmp/CMAKE_TRY_COMPILE.build/Debug/cmTC_79a30.build/DerivedSources -Wmost -Wno-four-char-constants -Wno-unknown-pragmas -F/Users/jamesfolk/Documents/NJLI/TESTBED/test_project_repo/_build_appletv/CMakeFiles/CMakeTmp/Debug -DCHECK_FUNCTION_EXISTS=_stricmp -MMD -MT dependencies -MF /Users/jamesfolk/Documents/NJLI/TESTBED/test_project_repo/_build_appletv/CMakeFiles/CMakeTmp/CMAKE_TRY_COMPILE.build/Debug/cmTC_79a30.build/Objects-normal/x86_64/CheckFunctionExists.d --serialize-diagnostics /Users/jamesfolk/Documents/NJLI/TESTBED/test_project_repo/_build_appletv/CMakeFiles/CMakeTmp/CMAKE_TRY_COMPILE.build/Debug/cmTC_79a30.build/Objects-normal/x86_64/CheckFunctionExists.dia -c /usr/local/Cellar/cmake/3.9.4_1/share/cmake/Modules/CheckFunctionExists.c -o /Users/jamesfolk/Documents/NJLI/TESTBED/test_project_repo/_build_appletv/CMakeFiles/CMakeTmp/CMAKE_TRY_COMPILE.build/Debug/cmTC_79a30.build/Objects-normal/x86_64/CheckFunctionExists.o

Ld Debug/cmTC_79a30 normal x86_64
    cd /Users/jamesfolk/Documents/NJLI/TESTBED/test_project_repo/_build_appletv/CMakeFiles/CMakeTmp
    export MACOSX_DEPLOYMENT_TARGET=10.13
    /Applications/Xcode.app/Contents/Developer/Toolchains/XcodeDefault.xctoolchain/usr/bin/clang -arch x86_64 -isysroot /Applications/Xcode.app/Contents/Developer/Platforms/MacOSX.platform/Developer/SDKs/MacOSX10.13.sdk -L/Users/jamesfolk/Documents/NJLI/TESTBED/test_project_repo/_build_appletv/CMakeFiles/CMakeTmp/Debug -F/Users/jamesfolk/Documents/NJLI/TESTBED/test_project_repo/_build_appletv/CMakeFiles/CMakeTmp/Debug -filelist /Users/jamesfolk/Documents/NJLI/TESTBED/test_project_repo/_build_appletv/CMakeFiles/CMakeTmp/CMAKE_TRY_COMPILE.build/Debug/cmTC_79a30.build/Objects-normal/x86_64/cmTC_79a30.LinkFileList -mmacosx-version-min=10.13 -Xlinker -object_path_lto -Xlinker /Users/jamesfolk/Documents/NJLI/TESTBED/test_project_repo/_build_appletv/CMakeFiles/CMakeTmp/CMAKE_TRY_COMPILE.build/Debug/cmTC_79a30.build/Objects-normal/x86_64/cmTC_79a30_lto.o -Xlinker -no_deduplicate -Wl,-search_paths_first -Wl,-headerpad_max_install_names -Xlinker -dependency_info -Xlinker /Users/jamesfolk/Documents/NJLI/TESTBED/test_project_repo/_build_appletv/CMakeFiles/CMakeTmp/CMAKE_TRY_COMPILE.build/Debug/cmTC_79a30.build/Objects-normal/x86_64/cmTC_79a30_dependency_info.dat -o /Users/jamesfolk/Documents/NJLI/TESTBED/test_project_repo/_build_appletv/CMakeFiles/CMakeTmp/Debug/cmTC_79a30
Undefined symbols for architecture x86_64:
  "__stricmp", referenced from:
      _main in CheckFunctionExists.o
ld: symbol(s) not found for architecture x86_64
clang: error: linker command failed with exit code 1 (use -v to see invocation)

** BUILD FAILED **


The following build commands failed:
	Ld Debug/cmTC_79a30 normal x86_64
(1 failure)


Determining if the function _strnicmp exists failed with the following output:
Change Dir: /Users/jamesfolk/Documents/NJLI/TESTBED/test_project_repo/_build_appletv/CMakeFiles/CMakeTmp

Run Build Command:"/Applications/Xcode.app/Contents/Developer/usr/bin/xcodebuild" "-project" "CMAKE_TRY_COMPILE.xcodeproj" "build" "-target" "cmTC_c2aaf" "-configuration" "Debug"
=== BUILD TARGET cmTC_c2aaf OF PROJECT CMAKE_TRY_COMPILE WITH CONFIGURATION Debug ===

Check dependencies

Write auxiliary files
/bin/mkdir -p /Users/jamesfolk/Documents/NJLI/TESTBED/test_project_repo/_build_appletv/CMakeFiles/CMakeTmp/CMAKE_TRY_COMPILE.build/Debug/cmTC_c2aaf.build/Objects-normal/x86_64
write-file /Users/jamesfolk/Documents/NJLI/TESTBED/test_project_repo/_build_appletv/CMakeFiles/CMakeTmp/CMAKE_TRY_COMPILE.build/Debug/cmTC_c2aaf.build/Objects-normal/x86_64/cmTC_c2aaf.LinkFileList

CompileC CMAKE_TRY_COMPILE.build/Debug/cmTC_c2aaf.build/Objects-normal/x86_64/CheckFunctionExists.o /usr/local/Cellar/cmake/3.9.4_1/share/cmake/Modules/CheckFunctionExists.c normal x86_64 c com.apple.compilers.llvm.clang.1_0.compiler
    cd /Users/jamesfolk/Documents/NJLI/TESTBED/test_project_repo/_build_appletv/CMakeFiles/CMakeTmp
    export LANG=en_US.US-ASCII
    /Applications/Xcode.app/Contents/Developer/Toolchains/XcodeDefault.xctoolchain/usr/bin/clang -x c -arch x86_64 -fmessage-length=0 -fdiagnostics-show-note-include-stack -fmacro-backtrace-limit=0 -Wno-trigraphs -fpascal-strings -O0 -Wno-missing-field-initializers -Wno-missing-prototypes -Wno-return-type -Wno-missing-braces -Wparentheses -Wswitch -Wno-unused-function -Wno-unused-label -Wno-unused-parameter -Wno-unused-variable -Wunused-value -Wno-empty-body -Wno-uninitialized -Wno-unknown-pragmas -Wno-shadow -Wno-four-char-constants -Wno-conversion -Wno-constant-conversion -Wno-int-conversion -Wno-bool-conversion -Wno-enum-conversion -Wno-float-conversion -Wno-non-literal-null-conversion -Wno-objc-literal-conversion -Wno-shorten-64-to-32 -Wpointer-sign -Wno-newline-eof -DCMAKE_INTDIR=\"Debug\" -isysroot /Applications/Xcode.app/Contents/Developer/Platforms/MacOSX.platform/Developer/SDKs/MacOSX10.13.sdk -fasm-blocks -fstrict-aliasing -Wdeprecated-declarations -mmacosx-version-min=10.13 -g -Wno-sign-conversion -Wno-infinite-recursion -Wno-comma -Wno-block-capture-autoreleasing -Wno-strict-prototypes -I/Users/jamesfolk/Documents/NJLI/TESTBED/test_project_repo/_build_appletv/CMakeFiles/CMakeTmp/Debug/include -I/Users/jamesfolk/Documents/NJLI/TESTBED/test_project_repo/_build_appletv/CMakeFiles/CMakeTmp/CMAKE_TRY_COMPILE.build/Debug/cmTC_c2aaf.build/DerivedSources/x86_64 -I/Users/jamesfolk/Documents/NJLI/TESTBED/test_project_repo/_build_appletv/CMakeFiles/CMakeTmp/CMAKE_TRY_COMPILE.build/Debug/cmTC_c2aaf.build/DerivedSources -Wmost -Wno-four-char-constants -Wno-unknown-pragmas -F/Users/jamesfolk/Documents/NJLI/TESTBED/test_project_repo/_build_appletv/CMakeFiles/CMakeTmp/Debug -DCHECK_FUNCTION_EXISTS=_strnicmp -MMD -MT dependencies -MF /Users/jamesfolk/Documents/NJLI/TESTBED/test_project_repo/_build_appletv/CMakeFiles/CMakeTmp/CMAKE_TRY_COMPILE.build/Debug/cmTC_c2aaf.build/Objects-normal/x86_64/CheckFunctionExists.d --serialize-diagnostics /Users/jamesfolk/Documents/NJLI/TESTBED/test_project_repo/_build_appletv/CMakeFiles/CMakeTmp/CMAKE_TRY_COMPILE.build/Debug/cmTC_c2aaf.build/Objects-normal/x86_64/CheckFunctionExists.dia -c /usr/local/Cellar/cmake/3.9.4_1/share/cmake/Modules/CheckFunctionExists.c -o /Users/jamesfolk/Documents/NJLI/TESTBED/test_project_repo/_build_appletv/CMakeFiles/CMakeTmp/CMAKE_TRY_COMPILE.build/Debug/cmTC_c2aaf.build/Objects-normal/x86_64/CheckFunctionExists.o

Ld Debug/cmTC_c2aaf normal x86_64
    cd /Users/jamesfolk/Documents/NJLI/TESTBED/test_project_repo/_build_appletv/CMakeFiles/CMakeTmp
    export MACOSX_DEPLOYMENT_TARGET=10.13
    /Applications/Xcode.app/Contents/Developer/Toolchains/XcodeDefault.xctoolchain/usr/bin/clang -arch x86_64 -isysroot /Applications/Xcode.app/Contents/Developer/Platforms/MacOSX.platform/Developer/SDKs/MacOSX10.13.sdk -L/Users/jamesfolk/Documents/NJLI/TESTBED/test_project_repo/_build_appletv/CMakeFiles/CMakeTmp/Debug -F/Users/jamesfolk/Documents/NJLI/TESTBED/test_project_repo/_build_appletv/CMakeFiles/CMakeTmp/Debug -filelist /Users/jamesfolk/Documents/NJLI/TESTBED/test_project_repo/_build_appletv/CMakeFiles/CMakeTmp/CMAKE_TRY_COMPILE.build/Debug/cmTC_c2aaf.build/Objects-normal/x86_64/cmTC_c2aaf.LinkFileList -mmacosx-version-min=10.13 -Xlinker -object_path_lto -Xlinker /Users/jamesfolk/Documents/NJLI/TESTBED/test_project_repo/_build_appletv/CMakeFiles/CMakeTmp/CMAKE_TRY_COMPILE.build/Debug/cmTC_c2aaf.build/Objects-normal/x86_64/cmTC_c2aaf_lto.o -Xlinker -no_deduplicate -Wl,-search_paths_first -Wl,-headerpad_max_install_names -Xlinker -dependency_info -Xlinker /Users/jamesfolk/Documents/NJLI/TESTBED/test_project_repo/_build_appletv/CMakeFiles/CMakeTmp/CMAKE_TRY_COMPILE.build/Debug/cmTC_c2aaf.build/Objects-normal/x86_64/cmTC_c2aaf_dependency_info.dat -o /Users/jamesfolk/Documents/NJLI/TESTBED/test_project_repo/_build_appletv/CMakeFiles/CMakeTmp/Debug/cmTC_c2aaf
Undefined symbols for architecture x86_64:
  "__strnicmp", referenced from:
      _main in CheckFunctionExists.o
ld: symbol(s) not found for architecture x86_64
clang: error: linker command failed with exit code 1 (use -v to see invocation)

** BUILD FAILED **


The following build commands failed:
	Ld Debug/cmTC_c2aaf normal x86_64
(1 failure)


Determining if the function fopen64 exists failed with the following output:
Change Dir: /Users/jamesfolk/Documents/NJLI/TESTBED/test_project_repo/_build_appletv/CMakeFiles/CMakeTmp

Run Build Command:"/Applications/Xcode.app/Contents/Developer/usr/bin/xcodebuild" "-project" "CMAKE_TRY_COMPILE.xcodeproj" "build" "-target" "cmTC_56d69" "-configuration" "Debug"
=== BUILD TARGET cmTC_56d69 OF PROJECT CMAKE_TRY_COMPILE WITH CONFIGURATION Debug ===

Check dependencies

Write auxiliary files
/bin/mkdir -p /Users/jamesfolk/Documents/NJLI/TESTBED/test_project_repo/_build_appletv/CMakeFiles/CMakeTmp/CMAKE_TRY_COMPILE.build/Debug/cmTC_56d69.build/Objects-normal/x86_64
write-file /Users/jamesfolk/Documents/NJLI/TESTBED/test_project_repo/_build_appletv/CMakeFiles/CMakeTmp/CMAKE_TRY_COMPILE.build/Debug/cmTC_56d69.build/Objects-normal/x86_64/cmTC_56d69.LinkFileList

CompileC CMAKE_TRY_COMPILE.build/Debug/cmTC_56d69.build/Objects-normal/x86_64/CheckFunctionExists.o /usr/local/Cellar/cmake/3.9.4_1/share/cmake/Modules/CheckFunctionExists.c normal x86_64 c com.apple.compilers.llvm.clang.1_0.compiler
    cd /Users/jamesfolk/Documents/NJLI/TESTBED/test_project_repo/_build_appletv/CMakeFiles/CMakeTmp
    export LANG=en_US.US-ASCII
    /Applications/Xcode.app/Contents/Developer/Toolchains/XcodeDefault.xctoolchain/usr/bin/clang -x c -arch x86_64 -fmessage-length=0 -fdiagnostics-show-note-include-stack -fmacro-backtrace-limit=0 -Wno-trigraphs -fpascal-strings -O0 -Wno-missing-field-initializers -Wno-missing-prototypes -Wno-return-type -Wno-missing-braces -Wparentheses -Wswitch -Wno-unused-function -Wno-unused-label -Wno-unused-parameter -Wno-unused-variable -Wunused-value -Wno-empty-body -Wno-uninitialized -Wno-unknown-pragmas -Wno-shadow -Wno-four-char-constants -Wno-conversion -Wno-constant-conversion -Wno-int-conversion -Wno-bool-conversion -Wno-enum-conversion -Wno-float-conversion -Wno-non-literal-null-conversion -Wno-objc-literal-conversion -Wno-shorten-64-to-32 -Wpointer-sign -Wno-newline-eof -DCMAKE_INTDIR=\"Debug\" -isysroot /Applications/Xcode.app/Contents/Developer/Platforms/MacOSX.platform/Developer/SDKs/MacOSX10.13.sdk -fasm-blocks -fstrict-aliasing -Wdeprecated-declarations -mmacosx-version-min=10.13 -g -Wno-sign-conversion -Wno-infinite-recursion -Wno-comma -Wno-block-capture-autoreleasing -Wno-strict-prototypes -I/Users/jamesfolk/Documents/NJLI/TESTBED/test_project_repo/_build_appletv/CMakeFiles/CMakeTmp/Debug/include -I/Users/jamesfolk/Documents/NJLI/TESTBED/test_project_repo/_build_appletv/CMakeFiles/CMakeTmp/CMAKE_TRY_COMPILE.build/Debug/cmTC_56d69.build/DerivedSources/x86_64 -I/Users/jamesfolk/Documents/NJLI/TESTBED/test_project_repo/_build_appletv/CMakeFiles/CMakeTmp/CMAKE_TRY_COMPILE.build/Debug/cmTC_56d69.build/DerivedSources -Wmost -Wno-four-char-constants -Wno-unknown-pragmas -F/Users/jamesfolk/Documents/NJLI/TESTBED/test_project_repo/_build_appletv/CMakeFiles/CMakeTmp/Debug -DCHECK_FUNCTION_EXISTS=fopen64 -MMD -MT dependencies -MF /Users/jamesfolk/Documents/NJLI/TESTBED/test_project_repo/_build_appletv/CMakeFiles/CMakeTmp/CMAKE_TRY_COMPILE.build/Debug/cmTC_56d69.build/Objects-normal/x86_64/CheckFunctionExists.d --serialize-diagnostics /Users/jamesfolk/Documents/NJLI/TESTBED/test_project_repo/_build_appletv/CMakeFiles/CMakeTmp/CMAKE_TRY_COMPILE.build/Debug/cmTC_56d69.build/Objects-normal/x86_64/CheckFunctionExists.dia -c /usr/local/Cellar/cmake/3.9.4_1/share/cmake/Modules/CheckFunctionExists.c -o /Users/jamesfolk/Documents/NJLI/TESTBED/test_project_repo/_build_appletv/CMakeFiles/CMakeTmp/CMAKE_TRY_COMPILE.build/Debug/cmTC_56d69.build/Objects-normal/x86_64/CheckFunctionExists.o

Ld Debug/cmTC_56d69 normal x86_64
    cd /Users/jamesfolk/Documents/NJLI/TESTBED/test_project_repo/_build_appletv/CMakeFiles/CMakeTmp
    export MACOSX_DEPLOYMENT_TARGET=10.13
    /Applications/Xcode.app/Contents/Developer/Toolchains/XcodeDefault.xctoolchain/usr/bin/clang -arch x86_64 -isysroot /Applications/Xcode.app/Contents/Developer/Platforms/MacOSX.platform/Developer/SDKs/MacOSX10.13.sdk -L/Users/jamesfolk/Documents/NJLI/TESTBED/test_project_repo/_build_appletv/CMakeFiles/CMakeTmp/Debug -F/Users/jamesfolk/Documents/NJLI/TESTBED/test_project_repo/_build_appletv/CMakeFiles/CMakeTmp/Debug -filelist /Users/jamesfolk/Documents/NJLI/TESTBED/test_project_repo/_build_appletv/CMakeFiles/CMakeTmp/CMAKE_TRY_COMPILE.build/Debug/cmTC_56d69.build/Objects-normal/x86_64/cmTC_56d69.LinkFileList -mmacosx-version-min=10.13 -Xlinker -object_path_lto -Xlinker /Users/jamesfolk/Documents/NJLI/TESTBED/test_project_repo/_build_appletv/CMakeFiles/CMakeTmp/CMAKE_TRY_COMPILE.build/Debug/cmTC_56d69.build/Objects-normal/x86_64/cmTC_56d69_lto.o -Xlinker -no_deduplicate -Wl,-search_paths_first -Wl,-headerpad_max_install_names -Xlinker -dependency_info -Xlinker /Users/jamesfolk/Documents/NJLI/TESTBED/test_project_repo/_build_appletv/CMakeFiles/CMakeTmp/CMAKE_TRY_COMPILE.build/Debug/cmTC_56d69.build/Objects-normal/x86_64/cmTC_56d69_dependency_info.dat -o /Users/jamesfolk/Documents/NJLI/TESTBED/test_project_repo/_build_appletv/CMakeFiles/CMakeTmp/Debug/cmTC_56d69
Undefined symbols for architecture x86_64:
  "_fopen64", referenced from:
      _main in CheckFunctionExists.o
ld: symbol(s) not found for architecture x86_64
clang: error: linker command failed with exit code 1 (use -v to see invocation)

** BUILD FAILED **


The following build commands failed:
	Ld Debug/cmTC_56d69 normal x86_64
(1 failure)


Determining if the function fseeko64 exists failed with the following output:
Change Dir: /Users/jamesfolk/Documents/NJLI/TESTBED/test_project_repo/_build_appletv/CMakeFiles/CMakeTmp

Run Build Command:"/Applications/Xcode.app/Contents/Developer/usr/bin/xcodebuild" "-project" "CMAKE_TRY_COMPILE.xcodeproj" "build" "-target" "cmTC_ac8af" "-configuration" "Debug"
=== BUILD TARGET cmTC_ac8af OF PROJECT CMAKE_TRY_COMPILE WITH CONFIGURATION Debug ===

Check dependencies

Write auxiliary files
/bin/mkdir -p /Users/jamesfolk/Documents/NJLI/TESTBED/test_project_repo/_build_appletv/CMakeFiles/CMakeTmp/CMAKE_TRY_COMPILE.build/Debug/cmTC_ac8af.build/Objects-normal/x86_64
write-file /Users/jamesfolk/Documents/NJLI/TESTBED/test_project_repo/_build_appletv/CMakeFiles/CMakeTmp/CMAKE_TRY_COMPILE.build/Debug/cmTC_ac8af.build/Objects-normal/x86_64/cmTC_ac8af.LinkFileList

CompileC CMAKE_TRY_COMPILE.build/Debug/cmTC_ac8af.build/Objects-normal/x86_64/CheckFunctionExists.o /usr/local/Cellar/cmake/3.9.4_1/share/cmake/Modules/CheckFunctionExists.c normal x86_64 c com.apple.compilers.llvm.clang.1_0.compiler
    cd /Users/jamesfolk/Documents/NJLI/TESTBED/test_project_repo/_build_appletv/CMakeFiles/CMakeTmp
    export LANG=en_US.US-ASCII
    /Applications/Xcode.app/Contents/Developer/Toolchains/XcodeDefault.xctoolchain/usr/bin/clang -x c -arch x86_64 -fmessage-length=0 -fdiagnostics-show-note-include-stack -fmacro-backtrace-limit=0 -Wno-trigraphs -fpascal-strings -O0 -Wno-missing-field-initializers -Wno-missing-prototypes -Wno-return-type -Wno-missing-braces -Wparentheses -Wswitch -Wno-unused-function -Wno-unused-label -Wno-unused-parameter -Wno-unused-variable -Wunused-value -Wno-empty-body -Wno-uninitialized -Wno-unknown-pragmas -Wno-shadow -Wno-four-char-constants -Wno-conversion -Wno-constant-conversion -Wno-int-conversion -Wno-bool-conversion -Wno-enum-conversion -Wno-float-conversion -Wno-non-literal-null-conversion -Wno-objc-literal-conversion -Wno-shorten-64-to-32 -Wpointer-sign -Wno-newline-eof -DCMAKE_INTDIR=\"Debug\" -isysroot /Applications/Xcode.app/Contents/Developer/Platforms/MacOSX.platform/Developer/SDKs/MacOSX10.13.sdk -fasm-blocks -fstrict-aliasing -Wdeprecated-declarations -mmacosx-version-min=10.13 -g -Wno-sign-conversion -Wno-infinite-recursion -Wno-comma -Wno-block-capture-autoreleasing -Wno-strict-prototypes -I/Users/jamesfolk/Documents/NJLI/TESTBED/test_project_repo/_build_appletv/CMakeFiles/CMakeTmp/Debug/include -I/Users/jamesfolk/Documents/NJLI/TESTBED/test_project_repo/_build_appletv/CMakeFiles/CMakeTmp/CMAKE_TRY_COMPILE.build/Debug/cmTC_ac8af.build/DerivedSources/x86_64 -I/Users/jamesfolk/Documents/NJLI/TESTBED/test_project_repo/_build_appletv/CMakeFiles/CMakeTmp/CMAKE_TRY_COMPILE.build/Debug/cmTC_ac8af.build/DerivedSources -Wmost -Wno-four-char-constants -Wno-unknown-pragmas -F/Users/jamesfolk/Documents/NJLI/TESTBED/test_project_repo/_build_appletv/CMakeFiles/CMakeTmp/Debug -DCHECK_FUNCTION_EXISTS=fseeko64 -MMD -MT dependencies -MF /Users/jamesfolk/Documents/NJLI/TESTBED/test_project_repo/_build_appletv/CMakeFiles/CMakeTmp/CMAKE_TRY_COMPILE.build/Debug/cmTC_ac8af.build/Objects-normal/x86_64/CheckFunctionExists.d --serialize-diagnostics /Users/jamesfolk/Documents/NJLI/TESTBED/test_project_repo/_build_appletv/CMakeFiles/CMakeTmp/CMAKE_TRY_COMPILE.build/Debug/cmTC_ac8af.build/Objects-normal/x86_64/CheckFunctionExists.dia -c /usr/local/Cellar/cmake/3.9.4_1/share/cmake/Modules/CheckFunctionExists.c -o /Users/jamesfolk/Documents/NJLI/TESTBED/test_project_repo/_build_appletv/CMakeFiles/CMakeTmp/CMAKE_TRY_COMPILE.build/Debug/cmTC_ac8af.build/Objects-normal/x86_64/CheckFunctionExists.o

Ld Debug/cmTC_ac8af normal x86_64
    cd /Users/jamesfolk/Documents/NJLI/TESTBED/test_project_repo/_build_appletv/CMakeFiles/CMakeTmp
    export MACOSX_DEPLOYMENT_TARGET=10.13
    /Applications/Xcode.app/Contents/Developer/Toolchains/XcodeDefault.xctoolchain/usr/bin/clang -arch x86_64 -isysroot /Applications/Xcode.app/Contents/Developer/Platforms/MacOSX.platform/Developer/SDKs/MacOSX10.13.sdk -L/Users/jamesfolk/Documents/NJLI/TESTBED/test_project_repo/_build_appletv/CMakeFiles/CMakeTmp/Debug -F/Users/jamesfolk/Documents/NJLI/TESTBED/test_project_repo/_build_appletv/CMakeFiles/CMakeTmp/Debug -filelist /Users/jamesfolk/Documents/NJLI/TESTBED/test_project_repo/_build_appletv/CMakeFiles/CMakeTmp/CMAKE_TRY_COMPILE.build/Debug/cmTC_ac8af.build/Objects-normal/x86_64/cmTC_ac8af.LinkFileList -mmacosx-version-min=10.13 -Xlinker -object_path_lto -Xlinker /Users/jamesfolk/Documents/NJLI/TESTBED/test_project_repo/_build_appletv/CMakeFiles/CMakeTmp/CMAKE_TRY_COMPILE.build/Debug/cmTC_ac8af.build/Objects-normal/x86_64/cmTC_ac8af_lto.o -Xlinker -no_deduplicate -Wl,-search_paths_first -Wl,-headerpad_max_install_names -Xlinker -dependency_info -Xlinker /Users/jamesfolk/Documents/NJLI/TESTBED/test_project_repo/_build_appletv/CMakeFiles/CMakeTmp/CMAKE_TRY_COMPILE.build/Debug/cmTC_ac8af.build/Objects-normal/x86_64/cmTC_ac8af_dependency_info.dat -o /Users/jamesfolk/Documents/NJLI/TESTBED/test_project_repo/_build_appletv/CMakeFiles/CMakeTmp/Debug/cmTC_ac8af
Undefined symbols for architecture x86_64:
  "_fseeko64", referenced from:
      _main in CheckFunctionExists.o
ld: symbol(s) not found for architecture x86_64
clang: error: linker command failed with exit code 1 (use -v to see invocation)

** BUILD FAILED **


The following build commands failed:
	Ld Debug/cmTC_ac8af normal x86_64
(1 failure)


Determining if the function getauxval exists failed with the following output:
Change Dir: /Users/jamesfolk/Documents/NJLI/TESTBED/test_project_repo/_build_appletv/CMakeFiles/CMakeTmp

Run Build Command:"/Applications/Xcode.app/Contents/Developer/usr/bin/xcodebuild" "-project" "CMAKE_TRY_COMPILE.xcodeproj" "build" "-target" "cmTC_5b29c" "-configuration" "Debug"
=== BUILD TARGET cmTC_5b29c OF PROJECT CMAKE_TRY_COMPILE WITH CONFIGURATION Debug ===

Check dependencies

Write auxiliary files
/bin/mkdir -p /Users/jamesfolk/Documents/NJLI/TESTBED/test_project_repo/_build_appletv/CMakeFiles/CMakeTmp/CMAKE_TRY_COMPILE.build/Debug/cmTC_5b29c.build/Objects-normal/x86_64
write-file /Users/jamesfolk/Documents/NJLI/TESTBED/test_project_repo/_build_appletv/CMakeFiles/CMakeTmp/CMAKE_TRY_COMPILE.build/Debug/cmTC_5b29c.build/Objects-normal/x86_64/cmTC_5b29c.LinkFileList

CompileC CMAKE_TRY_COMPILE.build/Debug/cmTC_5b29c.build/Objects-normal/x86_64/CheckFunctionExists.o /usr/local/Cellar/cmake/3.9.4_1/share/cmake/Modules/CheckFunctionExists.c normal x86_64 c com.apple.compilers.llvm.clang.1_0.compiler
    cd /Users/jamesfolk/Documents/NJLI/TESTBED/test_project_repo/_build_appletv/CMakeFiles/CMakeTmp
    export LANG=en_US.US-ASCII
    /Applications/Xcode.app/Contents/Developer/Toolchains/XcodeDefault.xctoolchain/usr/bin/clang -x c -arch x86_64 -fmessage-length=0 -fdiagnostics-show-note-include-stack -fmacro-backtrace-limit=0 -Wno-trigraphs -fpascal-strings -O0 -Wno-missing-field-initializers -Wno-missing-prototypes -Wno-return-type -Wno-missing-braces -Wparentheses -Wswitch -Wno-unused-function -Wno-unused-label -Wno-unused-parameter -Wno-unused-variable -Wunused-value -Wno-empty-body -Wno-uninitialized -Wno-unknown-pragmas -Wno-shadow -Wno-four-char-constants -Wno-conversion -Wno-constant-conversion -Wno-int-conversion -Wno-bool-conversion -Wno-enum-conversion -Wno-float-conversion -Wno-non-literal-null-conversion -Wno-objc-literal-conversion -Wno-shorten-64-to-32 -Wpointer-sign -Wno-newline-eof -DCMAKE_INTDIR=\"Debug\" -isysroot /Applications/Xcode.app/Contents/Developer/Platforms/MacOSX.platform/Developer/SDKs/MacOSX10.13.sdk -fasm-blocks -fstrict-aliasing -Wdeprecated-declarations -mmacosx-version-min=10.13 -g -Wno-sign-conversion -Wno-infinite-recursion -Wno-comma -Wno-block-capture-autoreleasing -Wno-strict-prototypes -I/Users/jamesfolk/Documents/NJLI/TESTBED/test_project_repo/_build_appletv/CMakeFiles/CMakeTmp/Debug/include -I/Users/jamesfolk/Documents/NJLI/TESTBED/test_project_repo/_build_appletv/CMakeFiles/CMakeTmp/CMAKE_TRY_COMPILE.build/Debug/cmTC_5b29c.build/DerivedSources/x86_64 -I/Users/jamesfolk/Documents/NJLI/TESTBED/test_project_repo/_build_appletv/CMakeFiles/CMakeTmp/CMAKE_TRY_COMPILE.build/Debug/cmTC_5b29c.build/DerivedSources -Wmost -Wno-four-char-constants -Wno-unknown-pragmas -F/Users/jamesfolk/Documents/NJLI/TESTBED/test_project_repo/_build_appletv/CMakeFiles/CMakeTmp/Debug -DCHECK_FUNCTION_EXISTS=getauxval -MMD -MT dependencies -MF /Users/jamesfolk/Documents/NJLI/TESTBED/test_project_repo/_build_appletv/CMakeFiles/CMakeTmp/CMAKE_TRY_COMPILE.build/Debug/cmTC_5b29c.build/Objects-normal/x86_64/CheckFunctionExists.d --serialize-diagnostics /Users/jamesfolk/Documents/NJLI/TESTBED/test_project_repo/_build_appletv/CMakeFiles/CMakeTmp/CMAKE_TRY_COMPILE.build/Debug/cmTC_5b29c.build/Objects-normal/x86_64/CheckFunctionExists.dia -c /usr/local/Cellar/cmake/3.9.4_1/share/cmake/Modules/CheckFunctionExists.c -o /Users/jamesfolk/Documents/NJLI/TESTBED/test_project_repo/_build_appletv/CMakeFiles/CMakeTmp/CMAKE_TRY_COMPILE.build/Debug/cmTC_5b29c.build/Objects-normal/x86_64/CheckFunctionExists.o

Ld Debug/cmTC_5b29c normal x86_64
    cd /Users/jamesfolk/Documents/NJLI/TESTBED/test_project_repo/_build_appletv/CMakeFiles/CMakeTmp
    export MACOSX_DEPLOYMENT_TARGET=10.13
    /Applications/Xcode.app/Contents/Developer/Toolchains/XcodeDefault.xctoolchain/usr/bin/clang -arch x86_64 -isysroot /Applications/Xcode.app/Contents/Developer/Platforms/MacOSX.platform/Developer/SDKs/MacOSX10.13.sdk -L/Users/jamesfolk/Documents/NJLI/TESTBED/test_project_repo/_build_appletv/CMakeFiles/CMakeTmp/Debug -F/Users/jamesfolk/Documents/NJLI/TESTBED/test_project_repo/_build_appletv/CMakeFiles/CMakeTmp/Debug -filelist /Users/jamesfolk/Documents/NJLI/TESTBED/test_project_repo/_build_appletv/CMakeFiles/CMakeTmp/CMAKE_TRY_COMPILE.build/Debug/cmTC_5b29c.build/Objects-normal/x86_64/cmTC_5b29c.LinkFileList -mmacosx-version-min=10.13 -Xlinker -object_path_lto -Xlinker /Users/jamesfolk/Documents/NJLI/TESTBED/test_project_repo/_build_appletv/CMakeFiles/CMakeTmp/CMAKE_TRY_COMPILE.build/Debug/cmTC_5b29c.build/Objects-normal/x86_64/cmTC_5b29c_lto.o -Xlinker -no_deduplicate -Wl,-search_paths_first -Wl,-headerpad_max_install_names -Xlinker -dependency_info -Xlinker /Users/jamesfolk/Documents/NJLI/TESTBED/test_project_repo/_build_appletv/CMakeFiles/CMakeTmp/CMAKE_TRY_COMPILE.build/Debug/cmTC_5b29c.build/Objects-normal/x86_64/cmTC_5b29c_dependency_info.dat -o /Users/jamesfolk/Documents/NJLI/TESTBED/test_project_repo/_build_appletv/CMakeFiles/CMakeTmp/Debug/cmTC_5b29c
Undefined symbols for architecture x86_64:
  "_getauxval", referenced from:
      _main in CheckFunctionExists.o
ld: symbol(s) not found for architecture x86_64
clang: error: linker command failed with exit code 1 (use -v to see invocation)

** BUILD FAILED **


The following build commands failed:
	Ld Debug/cmTC_5b29c normal x86_64
(1 failure)


Performing C SOURCE FILE Test HAVE_PTHREADS failed with the following output:
Change Dir: /Users/jamesfolk/Documents/NJLI/TESTBED/test_project_repo/_build_appletv/CMakeFiles/CMakeTmp

Run Build Command:"/Applications/Xcode.app/Contents/Developer/usr/bin/xcodebuild" "-project" "CMAKE_TRY_COMPILE.xcodeproj" "build" "-target" "cmTC_6cbbd" "-configuration" "Debug"
=== BUILD TARGET cmTC_6cbbd OF PROJECT CMAKE_TRY_COMPILE WITH CONFIGURATION Debug ===

Check dependencies
target specifies product type 'com.apple.product-type.tool', but there's no such product type for the 'appletvos' platform

** BUILD FAILED **


The following build commands failed:
	Check dependencies
(1 failure)

Return value: 1
Source file was:

        #include <pthread.h>
        int main(int argc, char** argv) {
          pthread_attr_t type;
          pthread_attr_init(&type);
          return 0;
        }
